<?xml version="1.0" encoding="UTF-8"?>
<!-- Generated by org.testng.reporters.JUnitXMLReporter -->
<testsuite ignored="29" hostname="TECHNO-531" failures="4" tests="14" name="Command line test" time="1986.527" errors="0" timestamp="2023-09-26T17:56:01 IST">
  <testcase classname="io.mosip.testrig.adminui.testcase.CenterTest" name="centerCRUD" time="46.977">
    <failure type="org.openqa.selenium.NoSuchElementException" message="no such element: Unable to locate element: {&amp;quot;method&amp;quot;:&amp;quot;css selector&amp;quot;,&amp;quot;selector&amp;quot;:&amp;quot;#Create\ Center&amp;quot;}
  (Session info: chrome=116.0.5845.188)
For documentation on this error, please visit: https://www.seleniumhq.org/exceptions/no_such_element.html
Build info: version: &amp;apos;3.141.59&amp;apos;, revision: &amp;apos;e82be7d358&amp;apos;, time: &amp;apos;2018-11-14T08:17:03&amp;apos;
System info: host: &amp;apos;TECHNO-531&amp;apos;, ip: &amp;apos;192.168.0.104&amp;apos;, os.name: &amp;apos;Windows 10&amp;apos;, os.arch: &amp;apos;amd64&amp;apos;, os.version: &amp;apos;10.0&amp;apos;, java.version: &amp;apos;17.0.5&amp;apos;
Driver info: org.openqa.selenium.chrome.ChromeDriver
Capabilities {acceptInsecureCerts: false, browserName: chrome, browserVersion: 116.0.5845.188, chrome: {chromedriverVersion: 116.0.5845.96 (1a3918166880..., userDataDir: C:\Users\KIRUTH~1.M\AppData...}, fedcm:accounts: true, goog:chromeOptions: {debuggerAddress: localhost:65331}, javascriptEnabled: true, networkConnectionEnabled: false, pageLoadStrategy: normal, platform: WINDOWS, platformName: WINDOWS, proxy: Proxy(), setWindowRect: true, strictFileInteractability: false, timeouts: {implicit: 0, pageLoad: 300000, script: 30000}, unhandledPromptBehavior: dismiss and notify, webauthn:extension:credBlob: true, webauthn:extension:largeBlob: true, webauthn:extension:minPinLength: true, webauthn:extension:prf: true, webauthn:virtualAuthenticators: true}
Session ID: 6db35a169c6437c833ddddd69ef86c61
*** Element info: {Using=id, value=Create Center}">
      <![CDATA[org.openqa.selenium.NoSuchElementException: no such element: Unable to locate element: {"method":"css selector","selector":"#Create\ Center"}
  (Session info: chrome=116.0.5845.188)
For documentation on this error, please visit: https://www.seleniumhq.org/exceptions/no_such_element.html
Build info: version: '3.141.59', revision: 'e82be7d358', time: '2018-11-14T08:17:03'
System info: host: 'TECHNO-531', ip: '192.168.0.104', os.name: 'Windows 10', os.arch: 'amd64', os.version: '10.0', java.version: '17.0.5'
Driver info: org.openqa.selenium.chrome.ChromeDriver
Capabilities {acceptInsecureCerts: false, browserName: chrome, browserVersion: 116.0.5845.188, chrome: {chromedriverVersion: 116.0.5845.96 (1a3918166880..., userDataDir: C:\Users\KIRUTH~1.M\AppData...}, fedcm:accounts: true, goog:chromeOptions: {debuggerAddress: localhost:65331}, javascriptEnabled: true, networkConnectionEnabled: false, pageLoadStrategy: normal, platform: WINDOWS, platformName: WINDOWS, proxy: Proxy(), setWindowRect: true, strictFileInteractability: false, timeouts: {implicit: 0, pageLoad: 300000, script: 30000}, unhandledPromptBehavior: dismiss and notify, webauthn:extension:credBlob: true, webauthn:extension:largeBlob: true, webauthn:extension:minPinLength: true, webauthn:extension:prf: true, webauthn:virtualAuthenticators: true}
Session ID: 6db35a169c6437c833ddddd69ef86c61
*** Element info: {Using=id, value=Create Center}
at org.openqa.selenium.remote.http.W3CHttpResponseCodec.createException(W3CHttpResponseCodec.java:187)
at org.openqa.selenium.remote.http.W3CHttpResponseCodec.decode(W3CHttpResponseCodec.java:122)
at org.openqa.selenium.remote.http.W3CHttpResponseCodec.decode(W3CHttpResponseCodec.java:49)
at org.openqa.selenium.remote.HttpCommandExecutor.execute(HttpCommandExecutor.java:158)
at org.openqa.selenium.remote.service.DriverCommandExecutor.execute(DriverCommandExecutor.java:83)
at org.openqa.selenium.remote.RemoteWebDriver.execute(RemoteWebDriver.java:552)
at org.openqa.selenium.remote.RemoteWebDriver.findElement(RemoteWebDriver.java:323)
at org.openqa.selenium.remote.RemoteWebDriver.findElementById(RemoteWebDriver.java:372)
at org.openqa.selenium.By$ById.findElement(By.java:188)
at org.openqa.selenium.remote.RemoteWebDriver.findElement(RemoteWebDriver.java:315)
at io.mosip.testrig.adminui.utility.Commons.click(Commons.java:90)
at io.mosip.testrig.adminui.testcase.CenterTest.centerCRUD(CenterTest.java:42)
at java.base/java.util.ArrayList.forEach(ArrayList.java:1511)
at io.mosip.testrig.adminui.utility.TestRunner.startTestRunner(TestRunner.java:99)
at io.mosip.testrig.adminui.utility.TestRunner.main(TestRunner.java:66)
... Removed 29 stack frames]]>
    </failure>
  </testcase> <!-- centerCRUD -->
  <testcase classname="io.mosip.testrig.adminui.testcase.HolidaysTest" name="holidaysCRUD" time="163.346"/>
  <testcase classname="io.mosip.testrig.adminui.testcase.TemplateTest" name="templateCRUD" time="219.632"/>
  <testcase classname="io.mosip.testrig.adminui.testcase.DeviceTest" name="deviceCRUD" time="139.143"/>
  <testcase classname="io.mosip.testrig.adminui.testcase.MachineTest" name="machineCRUD" time="89.538">
    <failure type="org.openqa.selenium.NoSuchElementException" message="no such element: Unable to locate element: {&amp;quot;method&amp;quot;:&amp;quot;css selector&amp;quot;,&amp;quot;selector&amp;quot;:&amp;quot;#confirmpopup&amp;quot;}
  (Session info: chrome=116.0.5845.188)
For documentation on this error, please visit: https://www.seleniumhq.org/exceptions/no_such_element.html
Build info: version: &amp;apos;3.141.59&amp;apos;, revision: &amp;apos;e82be7d358&amp;apos;, time: &amp;apos;2018-11-14T08:17:03&amp;apos;
System info: host: &amp;apos;TECHNO-531&amp;apos;, ip: &amp;apos;192.168.0.104&amp;apos;, os.name: &amp;apos;Windows 10&amp;apos;, os.arch: &amp;apos;amd64&amp;apos;, os.version: &amp;apos;10.0&amp;apos;, java.version: &amp;apos;17.0.5&amp;apos;
Driver info: org.openqa.selenium.chrome.ChromeDriver
Capabilities {acceptInsecureCerts: false, browserName: chrome, browserVersion: 116.0.5845.188, chrome: {chromedriverVersion: 116.0.5845.96 (1a3918166880..., userDataDir: C:\Users\KIRUTH~1.M\AppData...}, fedcm:accounts: true, goog:chromeOptions: {debuggerAddress: localhost:60569}, javascriptEnabled: true, networkConnectionEnabled: false, pageLoadStrategy: normal, platform: WINDOWS, platformName: WINDOWS, proxy: Proxy(), setWindowRect: true, strictFileInteractability: false, timeouts: {implicit: 0, pageLoad: 300000, script: 30000}, unhandledPromptBehavior: dismiss and notify, webauthn:extension:credBlob: true, webauthn:extension:largeBlob: true, webauthn:extension:minPinLength: true, webauthn:extension:prf: true, webauthn:virtualAuthenticators: true}
Session ID: 2ded4c65973f4d079bf2b3cd6f96e328
*** Element info: {Using=id, value=confirmpopup}">
      <![CDATA[org.openqa.selenium.NoSuchElementException: no such element: Unable to locate element: {"method":"css selector","selector":"#confirmpopup"}
  (Session info: chrome=116.0.5845.188)
For documentation on this error, please visit: https://www.seleniumhq.org/exceptions/no_such_element.html
Build info: version: '3.141.59', revision: 'e82be7d358', time: '2018-11-14T08:17:03'
System info: host: 'TECHNO-531', ip: '192.168.0.104', os.name: 'Windows 10', os.arch: 'amd64', os.version: '10.0', java.version: '17.0.5'
Driver info: org.openqa.selenium.chrome.ChromeDriver
Capabilities {acceptInsecureCerts: false, browserName: chrome, browserVersion: 116.0.5845.188, chrome: {chromedriverVersion: 116.0.5845.96 (1a3918166880..., userDataDir: C:\Users\KIRUTH~1.M\AppData...}, fedcm:accounts: true, goog:chromeOptions: {debuggerAddress: localhost:60569}, javascriptEnabled: true, networkConnectionEnabled: false, pageLoadStrategy: normal, platform: WINDOWS, platformName: WINDOWS, proxy: Proxy(), setWindowRect: true, strictFileInteractability: false, timeouts: {implicit: 0, pageLoad: 300000, script: 30000}, unhandledPromptBehavior: dismiss and notify, webauthn:extension:credBlob: true, webauthn:extension:largeBlob: true, webauthn:extension:minPinLength: true, webauthn:extension:prf: true, webauthn:virtualAuthenticators: true}
Session ID: 2ded4c65973f4d079bf2b3cd6f96e328
*** Element info: {Using=id, value=confirmpopup}
at org.openqa.selenium.remote.http.W3CHttpResponseCodec.createException(W3CHttpResponseCodec.java:187)
at org.openqa.selenium.remote.http.W3CHttpResponseCodec.decode(W3CHttpResponseCodec.java:122)
at org.openqa.selenium.remote.http.W3CHttpResponseCodec.decode(W3CHttpResponseCodec.java:49)
at org.openqa.selenium.remote.HttpCommandExecutor.execute(HttpCommandExecutor.java:158)
at org.openqa.selenium.remote.service.DriverCommandExecutor.execute(DriverCommandExecutor.java:83)
at org.openqa.selenium.remote.RemoteWebDriver.execute(RemoteWebDriver.java:552)
at org.openqa.selenium.remote.RemoteWebDriver.findElement(RemoteWebDriver.java:323)
at org.openqa.selenium.remote.RemoteWebDriver.findElementById(RemoteWebDriver.java:372)
at org.openqa.selenium.By$ById.findElement(By.java:188)
at org.openqa.selenium.remote.RemoteWebDriver.findElement(RemoteWebDriver.java:315)
at io.mosip.testrig.adminui.utility.Commons.click(Commons.java:90)
at io.mosip.testrig.adminui.utility.Commons.createRes(Commons.java:406)
at io.mosip.testrig.adminui.testcase.MachineTest.machineCRUD(MachineTest.java:60)
at java.base/java.util.ArrayList.forEach(ArrayList.java:1511)
at io.mosip.testrig.adminui.utility.TestRunner.startTestRunner(TestRunner.java:99)
at io.mosip.testrig.adminui.utility.TestRunner.main(TestRunner.java:66)
... Removed 28 stack frames]]>
    </failure>
  </testcase> <!-- machineCRUD -->
  <testcase classname="io.mosip.testrig.adminui.testcase.BlockListTest" name="blocklistedwordsCRUD" time="42.783"/>
  <testcase classname="io.mosip.testrig.adminui.testcase.CenterTypeTest" name="centerTypeCRUD" time="43.666">
    <failure type="org.openqa.selenium.NoSuchElementException" message="no such element: Unable to locate element: {&amp;quot;method&amp;quot;:&amp;quot;css selector&amp;quot;,&amp;quot;selector&amp;quot;:&amp;quot;#admin\/masterdata\/center\-type\/view&amp;quot;}
  (Session info: chrome=116.0.5845.188)
For documentation on this error, please visit: https://www.seleniumhq.org/exceptions/no_such_element.html
Build info: version: &amp;apos;3.141.59&amp;apos;, revision: &amp;apos;e82be7d358&amp;apos;, time: &amp;apos;2018-11-14T08:17:03&amp;apos;
System info: host: &amp;apos;TECHNO-531&amp;apos;, ip: &amp;apos;192.168.0.104&amp;apos;, os.name: &amp;apos;Windows 10&amp;apos;, os.arch: &amp;apos;amd64&amp;apos;, os.version: &amp;apos;10.0&amp;apos;, java.version: &amp;apos;17.0.5&amp;apos;
Driver info: org.openqa.selenium.chrome.ChromeDriver
Capabilities {acceptInsecureCerts: false, browserName: chrome, browserVersion: 116.0.5845.188, chrome: {chromedriverVersion: 116.0.5845.96 (1a3918166880..., userDataDir: C:\Users\KIRUTH~1.M\AppData...}, fedcm:accounts: true, goog:chromeOptions: {debuggerAddress: localhost:60783}, javascriptEnabled: true, networkConnectionEnabled: false, pageLoadStrategy: normal, platform: WINDOWS, platformName: WINDOWS, proxy: Proxy(), setWindowRect: true, strictFileInteractability: false, timeouts: {implicit: 0, pageLoad: 300000, script: 30000}, unhandledPromptBehavior: dismiss and notify, webauthn:extension:credBlob: true, webauthn:extension:largeBlob: true, webauthn:extension:minPinLength: true, webauthn:extension:prf: true, webauthn:virtualAuthenticators: true}
Session ID: 0c4b3ac23395df8a2e83118055b35ac1
*** Element info: {Using=id, value=admin/masterdata/center-type/view}">
      <![CDATA[org.openqa.selenium.NoSuchElementException: no such element: Unable to locate element: {"method":"css selector","selector":"#admin\/masterdata\/center\-type\/view"}
  (Session info: chrome=116.0.5845.188)
For documentation on this error, please visit: https://www.seleniumhq.org/exceptions/no_such_element.html
Build info: version: '3.141.59', revision: 'e82be7d358', time: '2018-11-14T08:17:03'
System info: host: 'TECHNO-531', ip: '192.168.0.104', os.name: 'Windows 10', os.arch: 'amd64', os.version: '10.0', java.version: '17.0.5'
Driver info: org.openqa.selenium.chrome.ChromeDriver
Capabilities {acceptInsecureCerts: false, browserName: chrome, browserVersion: 116.0.5845.188, chrome: {chromedriverVersion: 116.0.5845.96 (1a3918166880..., userDataDir: C:\Users\KIRUTH~1.M\AppData...}, fedcm:accounts: true, goog:chromeOptions: {debuggerAddress: localhost:60783}, javascriptEnabled: true, networkConnectionEnabled: false, pageLoadStrategy: normal, platform: WINDOWS, platformName: WINDOWS, proxy: Proxy(), setWindowRect: true, strictFileInteractability: false, timeouts: {implicit: 0, pageLoad: 300000, script: 30000}, unhandledPromptBehavior: dismiss and notify, webauthn:extension:credBlob: true, webauthn:extension:largeBlob: true, webauthn:extension:minPinLength: true, webauthn:extension:prf: true, webauthn:virtualAuthenticators: true}
Session ID: 0c4b3ac23395df8a2e83118055b35ac1
*** Element info: {Using=id, value=admin/masterdata/center-type/view}
at org.openqa.selenium.remote.http.W3CHttpResponseCodec.createException(W3CHttpResponseCodec.java:187)
at org.openqa.selenium.remote.http.W3CHttpResponseCodec.decode(W3CHttpResponseCodec.java:122)
at org.openqa.selenium.remote.http.W3CHttpResponseCodec.decode(W3CHttpResponseCodec.java:49)
at org.openqa.selenium.remote.HttpCommandExecutor.execute(HttpCommandExecutor.java:158)
at org.openqa.selenium.remote.service.DriverCommandExecutor.execute(DriverCommandExecutor.java:83)
at org.openqa.selenium.remote.RemoteWebDriver.execute(RemoteWebDriver.java:552)
at org.openqa.selenium.remote.RemoteWebDriver.findElement(RemoteWebDriver.java:323)
at org.openqa.selenium.remote.RemoteWebDriver.findElementById(RemoteWebDriver.java:372)
at org.openqa.selenium.By$ById.findElement(By.java:188)
at org.openqa.selenium.remote.RemoteWebDriver.findElement(RemoteWebDriver.java:315)
at io.mosip.testrig.adminui.utility.Commons.click(Commons.java:90)
at io.mosip.testrig.adminui.testcase.CenterTypeTest.centerTypeCRUD(CenterTypeTest.java:38)
at java.base/java.util.ArrayList.forEach(ArrayList.java:1511)
at io.mosip.testrig.adminui.utility.TestRunner.startTestRunner(TestRunner.java:99)
at io.mosip.testrig.adminui.utility.TestRunner.main(TestRunner.java:66)
... Removed 28 stack frames]]>
    </failure>
  </testcase> <!-- centerTypeCRUD -->
  <testcase classname="io.mosip.testrig.adminui.testcase.DeviceSpecificationTest" name="deviceSpecCRUD" time="188.128">
    <failure type="org.openqa.selenium.NoSuchElementException" message="no such element: Unable to locate element: {&amp;quot;method&amp;quot;:&amp;quot;css selector&amp;quot;,&amp;quot;selector&amp;quot;:&amp;quot;#ellipsis\-button0&amp;quot;}
  (Session info: chrome=116.0.5845.188)
For documentation on this error, please visit: https://www.seleniumhq.org/exceptions/no_such_element.html
Build info: version: &amp;apos;3.141.59&amp;apos;, revision: &amp;apos;e82be7d358&amp;apos;, time: &amp;apos;2018-11-14T08:17:03&amp;apos;
System info: host: &amp;apos;TECHNO-531&amp;apos;, ip: &amp;apos;192.168.0.104&amp;apos;, os.name: &amp;apos;Windows 10&amp;apos;, os.arch: &amp;apos;amd64&amp;apos;, os.version: &amp;apos;10.0&amp;apos;, java.version: &amp;apos;17.0.5&amp;apos;
Driver info: org.openqa.selenium.chrome.ChromeDriver
Capabilities {acceptInsecureCerts: false, browserName: chrome, browserVersion: 116.0.5845.188, chrome: {chromedriverVersion: 116.0.5845.96 (1a3918166880..., userDataDir: C:\Users\KIRUTH~1.M\AppData...}, fedcm:accounts: true, goog:chromeOptions: {debuggerAddress: localhost:60902}, javascriptEnabled: true, networkConnectionEnabled: false, pageLoadStrategy: normal, platform: WINDOWS, platformName: WINDOWS, proxy: Proxy(), setWindowRect: true, strictFileInteractability: false, timeouts: {implicit: 0, pageLoad: 300000, script: 30000}, unhandledPromptBehavior: dismiss and notify, webauthn:extension:credBlob: true, webauthn:extension:largeBlob: true, webauthn:extension:minPinLength: true, webauthn:extension:prf: true, webauthn:virtualAuthenticators: true}
Session ID: 67f4d312a98b5233e326b462d715384e
*** Element info: {Using=id, value=ellipsis-button0}">
      <![CDATA[org.openqa.selenium.NoSuchElementException: no such element: Unable to locate element: {"method":"css selector","selector":"#ellipsis\-button0"}
  (Session info: chrome=116.0.5845.188)
For documentation on this error, please visit: https://www.seleniumhq.org/exceptions/no_such_element.html
Build info: version: '3.141.59', revision: 'e82be7d358', time: '2018-11-14T08:17:03'
System info: host: 'TECHNO-531', ip: '192.168.0.104', os.name: 'Windows 10', os.arch: 'amd64', os.version: '10.0', java.version: '17.0.5'
Driver info: org.openqa.selenium.chrome.ChromeDriver
Capabilities {acceptInsecureCerts: false, browserName: chrome, browserVersion: 116.0.5845.188, chrome: {chromedriverVersion: 116.0.5845.96 (1a3918166880..., userDataDir: C:\Users\KIRUTH~1.M\AppData...}, fedcm:accounts: true, goog:chromeOptions: {debuggerAddress: localhost:60902}, javascriptEnabled: true, networkConnectionEnabled: false, pageLoadStrategy: normal, platform: WINDOWS, platformName: WINDOWS, proxy: Proxy(), setWindowRect: true, strictFileInteractability: false, timeouts: {implicit: 0, pageLoad: 300000, script: 30000}, unhandledPromptBehavior: dismiss and notify, webauthn:extension:credBlob: true, webauthn:extension:largeBlob: true, webauthn:extension:minPinLength: true, webauthn:extension:prf: true, webauthn:virtualAuthenticators: true}
Session ID: 67f4d312a98b5233e326b462d715384e
*** Element info: {Using=id, value=ellipsis-button0}
at org.openqa.selenium.remote.http.W3CHttpResponseCodec.createException(W3CHttpResponseCodec.java:187)
at org.openqa.selenium.remote.http.W3CHttpResponseCodec.decode(W3CHttpResponseCodec.java:122)
at org.openqa.selenium.remote.http.W3CHttpResponseCodec.decode(W3CHttpResponseCodec.java:49)
at org.openqa.selenium.remote.HttpCommandExecutor.execute(HttpCommandExecutor.java:158)
at org.openqa.selenium.remote.service.DriverCommandExecutor.execute(DriverCommandExecutor.java:83)
at org.openqa.selenium.remote.RemoteWebDriver.execute(RemoteWebDriver.java:552)
at org.openqa.selenium.remote.RemoteWebDriver.findElement(RemoteWebDriver.java:323)
at org.openqa.selenium.remote.RemoteWebDriver.findElementById(RemoteWebDriver.java:372)
at org.openqa.selenium.By$ById.findElement(By.java:188)
at org.openqa.selenium.remote.RemoteWebDriver.findElement(RemoteWebDriver.java:315)
at io.mosip.testrig.adminui.utility.Commons.click(Commons.java:90)
at io.mosip.testrig.adminui.utility.Commons.activate(Commons.java:290)
at io.mosip.testrig.adminui.testcase.DeviceSpecificationTest.deviceSpecCRUD(DeviceSpecificationTest.java:60)
at java.base/java.util.ArrayList.forEach(ArrayList.java:1511)
at io.mosip.testrig.adminui.utility.TestRunner.startTestRunner(TestRunner.java:99)
at io.mosip.testrig.adminui.utility.TestRunner.main(TestRunner.java:66)
... Removed 28 stack frames]]>
    </failure>
  </testcase> <!-- deviceSpecCRUD -->
  <testcase classname="io.mosip.testrig.adminui.testcase.DeviceTypesTest" name="deviceTypesCRUD" time="89.025"/>
  <testcase classname="io.mosip.testrig.adminui.testcase.MachineSpecificationTest" name="machineSpecCRUD" time="90.178"/>
  <testcase classname="io.mosip.testrig.adminui.testcase.MachineTypesTest" name="machineTypesCRUD" time="71.797"/>
  <testcase classname="io.mosip.testrig.adminui.testcase.DynamicFieldTest" name="dynamicFieldCRUD" time="69.315"/>
  <testcase classname="io.mosip.testrig.adminui.testcase.DocumentCategoriesTest" name="documentCategoriesCRUD" time="84.347"/>
  <testcase classname="io.mosip.testrig.adminui.testcase.DocumentTypes" name="documentTypesCRUD" time="101.402"/>
  <testcase classname="io.mosip.testrig.adminui.utility.BaseClass" name="@AfterSuite pushFileToS3" time="0.0">
    <ignored/>
  </testcase> <!-- @AfterSuite pushFileToS3 -->
  <testcase classname="io.mosip.testrig.adminui.utility.BaseClass" name="@AfterSuite pushFileToS3" time="0.0">
    <ignored/>
  </testcase> <!-- @AfterSuite pushFileToS3 -->
  <testcase classname="io.mosip.testrig.adminui.utility.BaseClass" name="@AfterSuite pushFileToS3" time="0.0">
    <ignored/>
  </testcase> <!-- @AfterSuite pushFileToS3 -->
  <testcase classname="io.mosip.testrig.adminui.utility.BaseClass" name="@AfterSuite pushFileToS3" time="0.0">
    <ignored/>
  </testcase> <!-- @AfterSuite pushFileToS3 -->
  <testcase classname="io.mosip.testrig.adminui.utility.BaseClass" name="@AfterSuite pushFileToS3" time="0.0">
    <ignored/>
  </testcase> <!-- @AfterSuite pushFileToS3 -->
  <testcase classname="io.mosip.testrig.adminui.utility.BaseClass" name="@AfterSuite pushFileToS3" time="0.0">
    <ignored/>
  </testcase> <!-- @AfterSuite pushFileToS3 -->
  <testcase classname="io.mosip.testrig.adminui.utility.BaseClass" name="@AfterSuite pushFileToS3" time="0.0">
    <ignored/>
  </testcase> <!-- @AfterSuite pushFileToS3 -->
  <testcase classname="io.mosip.testrig.adminui.utility.BaseClass" name="@AfterSuite pushFileToS3" time="0.0">
    <ignored/>
  </testcase> <!-- @AfterSuite pushFileToS3 -->
  <testcase classname="io.mosip.testrig.adminui.utility.BaseClass" name="@AfterSuite pushFileToS3" time="0.0">
    <ignored/>
  </testcase> <!-- @AfterSuite pushFileToS3 -->
  <testcase classname="io.mosip.testrig.adminui.utility.BaseClass" name="@AfterSuite pushFileToS3" time="0.0">
    <ignored/>
  </testcase> <!-- @AfterSuite pushFileToS3 -->
  <testcase classname="io.mosip.testrig.adminui.utility.BaseClass" name="@AfterSuite pushFileToS3" time="0.0">
    <ignored/>
  </testcase> <!-- @AfterSuite pushFileToS3 -->
  <testcase classname="io.mosip.testrig.adminui.utility.BaseClass" name="@AfterSuite pushFileToS3" time="0.0">
    <ignored/>
  </testcase> <!-- @AfterSuite pushFileToS3 -->
  <testcase classname="io.mosip.testrig.adminui.utility.BaseClass" name="@AfterSuite pushFileToS3" time="0.0">
    <ignored/>
  </testcase> <!-- @AfterSuite pushFileToS3 -->
  <testcase classname="io.mosip.testrig.adminui.utility.BaseClass" name="@AfterSuite pushFileToS3" time="0.0">
    <ignored/>
  </testcase> <!-- @AfterSuite pushFileToS3 -->
  <testcase classname="io.mosip.testrig.adminui.testcase.BulkUploadTest" name="bulkUploadCRUD" time="0.0">
    <ignored/>
  </testcase> <!-- bulkUploadCRUD -->
  <testcase classname="io.mosip.testrig.adminui.utility.BaseClass" name="@BeforeSuite set" time="0.0">
    <ignored/>
  </testcase> <!-- @BeforeSuite set -->
  <testcase classname="io.mosip.testrig.adminui.utility.BaseClass" name="@BeforeSuite set" time="0.0">
    <ignored/>
  </testcase> <!-- @BeforeSuite set -->
  <testcase classname="io.mosip.testrig.adminui.utility.BaseClass" name="@BeforeSuite set" time="0.0">
    <ignored/>
  </testcase> <!-- @BeforeSuite set -->
  <testcase classname="io.mosip.testrig.adminui.utility.BaseClass" name="@BeforeSuite set" time="0.0">
    <ignored/>
  </testcase> <!-- @BeforeSuite set -->
  <testcase classname="io.mosip.testrig.adminui.utility.BaseClass" name="@BeforeSuite set" time="0.0">
    <ignored/>
  </testcase> <!-- @BeforeSuite set -->
  <testcase classname="io.mosip.testrig.adminui.utility.BaseClass" name="@BeforeSuite set" time="0.0">
    <ignored/>
  </testcase> <!-- @BeforeSuite set -->
  <testcase classname="io.mosip.testrig.adminui.utility.BaseClass" name="@BeforeSuite set" time="0.0">
    <ignored/>
  </testcase> <!-- @BeforeSuite set -->
  <testcase classname="io.mosip.testrig.adminui.utility.BaseClass" name="@BeforeSuite set" time="0.0">
    <ignored/>
  </testcase> <!-- @BeforeSuite set -->
  <testcase classname="io.mosip.testrig.adminui.utility.BaseClass" name="@BeforeSuite set" time="0.0">
    <ignored/>
  </testcase> <!-- @BeforeSuite set -->
  <testcase classname="io.mosip.testrig.adminui.utility.BaseClass" name="@BeforeSuite set" time="0.0">
    <ignored/>
  </testcase> <!-- @BeforeSuite set -->
  <testcase classname="io.mosip.testrig.adminui.utility.BaseClass" name="@BeforeSuite set" time="0.0">
    <ignored/>
  </testcase> <!-- @BeforeSuite set -->
  <testcase classname="io.mosip.testrig.adminui.utility.BaseClass" name="@BeforeSuite set" time="0.0">
    <ignored/>
  </testcase> <!-- @BeforeSuite set -->
  <testcase classname="io.mosip.testrig.adminui.utility.BaseClass" name="@BeforeSuite set" time="0.0">
    <ignored/>
  </testcase> <!-- @BeforeSuite set -->
  <testcase classname="io.mosip.testrig.adminui.utility.BaseClass" name="@BeforeSuite set" time="0.0">
    <ignored/>
  </testcase> <!-- @BeforeSuite set -->
</testsuite> <!-- Command line test -->
