<!DOCTYPE html PUBLIC "-//W3C//DTD XHTML 1.1//EN" "http://www.w3.org/TR/xhtml11/DTD/xhtml11.dtd">
<html xmlns="http://www.w3.org/1999/xhtml">
<head>
<meta http-equiv="content-type" content="text/html; charset=UTF-8"/>
<title>TestNG Report</title>
<style type="text/css">table {margin-bottom:10px;border-collapse:collapse;empty-cells:show}th,td {border:1px solid #009;padding:.25em .5em}th {vertical-align:bottom}td {vertical-align:top}table a {font-weight:bold}.stripe td {background-color: #E6EBF9}.num {text-align:right}.passedodd td {background-color: #3F3}.passedeven td {background-color: #0A0}.skippedodd td {background-color: #DDD}.skippedeven td {background-color: #CCC}.failedodd td,.attn {background-color: #F33}.failedeven td,.stripe .attn {background-color: #D00}.stacktrace {white-space:pre;font-family:monospace}.totop {font-size:85%;text-align:center;border-bottom:2px solid #000}.invisible {display:none}</style>
</head>
<body>
<table>
<tr><th>Test</th><th># Passed</th><th># Skipped</th><th># Retried</th><th># Failed</th><th>Time (ms)</th><th>Included Groups</th><th>Excluded Groups</th></tr>
<tr><th colspan="8">Command line suite</th></tr>
<tr><td><a href="#t0">Command line test</a></td><td class="num">10</td><td class="num">0</td><td class="num">0</td><td class="num attn">4</td><td class="num">988,883</td><td></td><td>BU</td></tr>
</table>
<table id='summary'><thead><tr><th>Class</th><th>Method</th><th>Start</th><th>Time (ms)</th></tr></thead><tbody><tr><th colspan="4">Command line suite</th></tr></tbody><tbody id="t0"><tr><th colspan="4">Command line test &#8212; failed</th></tr><tr class="failedeven"><td rowspan="1">io.mosip.testrig.adminui.testcase.CenterTest</td><td><a href="#m0">centerCRUD</a></td><td rowspan="1">1694520938838</td><td rowspan="1">132524</td></tr><tr class="failedodd"><td rowspan="1">io.mosip.testrig.adminui.testcase.CenterTypeTest</td><td><a href="#m1">centerTypeCRUD</a></td><td rowspan="1">1694521426486</td><td rowspan="1">68495</td></tr><tr class="failedeven"><td rowspan="1">io.mosip.testrig.adminui.testcase.DocumentCategoriesTest</td><td><a href="#m2">documentCategoriesCRUD</a></td><td rowspan="1">1694521779743</td><td rowspan="1">68538</td></tr><tr class="failedodd"><td rowspan="1">io.mosip.testrig.adminui.testcase.DocumentTypes</td><td><a href="#m3">documentTypesCRUD</a></td><td rowspan="1">1694521853360</td><td rowspan="1">68818</td></tr><tr><th colspan="4">Command line test &#8212; passed</th></tr><tr class="passedeven"><td rowspan="1">io.mosip.testrig.adminui.testcase.BlockListTest</td><td><a href="#m4">blocklistedwordsCRUD</a></td><td rowspan="1">1694521372218</td><td rowspan="1">49174</td></tr><tr class="passedodd"><td rowspan="1">io.mosip.testrig.adminui.testcase.DeviceSpecificationTest</td><td><a href="#m5">deviceSpecCRUD</a></td><td rowspan="1">1694521500474</td><td rowspan="1">53389</td></tr><tr class="passedeven"><td rowspan="1">io.mosip.testrig.adminui.testcase.DeviceTest</td><td><a href="#m6">deviceCRUD</a></td><td rowspan="1">1694521201624</td><td rowspan="1">81400</td></tr><tr class="passedodd"><td rowspan="1">io.mosip.testrig.adminui.testcase.DeviceTypesTest</td><td><a href="#m7">deviceTypesCRUD</a></td><td rowspan="1">1694521559045</td><td rowspan="1">49271</td></tr><tr class="passedeven"><td rowspan="1">io.mosip.testrig.adminui.testcase.DynamicFieldTest</td><td><a href="#m8">dynamicFieldCRUD</a></td><td rowspan="1">1694521726261</td><td rowspan="1">48355</td></tr><tr class="passedodd"><td rowspan="1">io.mosip.testrig.adminui.testcase.HolidaysTest</td><td><a href="#m9">holidaysCRUD</a></td><td rowspan="1">1694521076944</td><td rowspan="1">53246</td></tr><tr class="passedeven"><td rowspan="1">io.mosip.testrig.adminui.testcase.MachineSpecificationTest</td><td><a href="#m10">machineSpecCRUD</a></td><td rowspan="1">1694521613320</td><td rowspan="1">53322</td></tr><tr class="passedodd"><td rowspan="1">io.mosip.testrig.adminui.testcase.MachineTest</td><td><a href="#m11">machineCRUD</a></td><td rowspan="1">1694521288051</td><td rowspan="1">78963</td></tr><tr class="passedeven"><td rowspan="1">io.mosip.testrig.adminui.testcase.MachineTypesTest</td><td><a href="#m12">machineTypesCRUD</a></td><td rowspan="1">1694521671496</td><td rowspan="1">49261</td></tr><tr class="passedodd"><td rowspan="1">io.mosip.testrig.adminui.testcase.TemplateTest</td><td><a href="#m13">templateCRUD</a></td><td rowspan="1">1694521135477</td><td rowspan="1">60946</td></tr></tbody>
</table>
<h2>Command line test</h2><h3 id="m0">io.mosip.testrig.adminui.testcase.CenterTest#centerCRUD</h3><table class="result"><tr><th>Messages</th></tr><tr><td><div class="messages">centerCRUD</div></td></tr><tr><th>Exception</th></tr><tr><td><div class="stacktrace">org.openqa.selenium.NoSuchElementException: no such element: Unable to locate element: {&quot;method&quot;:&quot;css selector&quot;,&quot;selector&quot;:&quot;#confirmpopup&quot;}
  (Session info: chrome=116.0.5845.180)
For documentation on this error, please visit: https://www.seleniumhq.org/exceptions/no_such_element.html
Build info: version: &apos;3.141.59&apos;, revision: &apos;e82be7d358&apos;, time: &apos;2018-11-14T08:17:03&apos;
System info: host: &apos;TECHNO-531&apos;, ip: &apos;192.168.254.134&apos;, os.name: &apos;Windows 10&apos;, os.arch: &apos;amd64&apos;, os.version: &apos;10.0&apos;, java.version: &apos;17.0.5&apos;
Driver info: org.openqa.selenium.chrome.ChromeDriver
Capabilities {acceptInsecureCerts: false, browserName: chrome, browserVersion: 116.0.5845.180, chrome: {chromedriverVersion: 116.0.5845.96 (1a3918166880..., userDataDir: C:\Users\KIRUTH~1.M\AppData...}, fedcm:accounts: true, goog:chromeOptions: {debuggerAddress: localhost:56070}, javascriptEnabled: true, networkConnectionEnabled: false, pageLoadStrategy: normal, platform: WINDOWS, platformName: WINDOWS, proxy: Proxy(), setWindowRect: true, strictFileInteractability: false, timeouts: {implicit: 0, pageLoad: 300000, script: 30000}, unhandledPromptBehavior: dismiss and notify, webauthn:extension:credBlob: true, webauthn:extension:largeBlob: true, webauthn:extension:minPinLength: true, webauthn:extension:prf: true, webauthn:virtualAuthenticators: true}
Session ID: 4ae91bfb94c6899ed7edde084a6a5526
*** Element info: {Using=id, value=confirmpopup}
	at org.openqa.selenium.remote.http.W3CHttpResponseCodec.createException(W3CHttpResponseCodec.java:187)
	at org.openqa.selenium.remote.http.W3CHttpResponseCodec.decode(W3CHttpResponseCodec.java:122)
	at org.openqa.selenium.remote.http.W3CHttpResponseCodec.decode(W3CHttpResponseCodec.java:49)
	at org.openqa.selenium.remote.HttpCommandExecutor.execute(HttpCommandExecutor.java:158)
	at org.openqa.selenium.remote.service.DriverCommandExecutor.execute(DriverCommandExecutor.java:83)
	at org.openqa.selenium.remote.RemoteWebDriver.execute(RemoteWebDriver.java:552)
	at org.openqa.selenium.remote.RemoteWebDriver.findElement(RemoteWebDriver.java:323)
	at org.openqa.selenium.remote.RemoteWebDriver.findElementById(RemoteWebDriver.java:372)
	at org.openqa.selenium.By$ById.findElement(By.java:188)
	at org.openqa.selenium.remote.RemoteWebDriver.findElement(RemoteWebDriver.java:315)
	at io.mosip.testrig.adminui.utility.Commons.click(Commons.java:88)
	at io.mosip.testrig.adminui.utility.Commons.createRes(Commons.java:404)
	at io.mosip.testrig.adminui.testcase.CenterTest.centerCRUD(CenterTest.java:96)
	at java.base/java.util.ArrayList.forEach(ArrayList.java:1511)
	at io.mosip.testrig.adminui.utility.TestRunner.main(TestRunner.java:61)
... Removed 29 stack frames</div></td></tr></table><p class="totop"><a href="#summary">back to summary</a></p>
<h3 id="m1">io.mosip.testrig.adminui.testcase.CenterTypeTest#centerTypeCRUD</h3><table class="result"><tr><th>Exception</th></tr><tr><td><div class="stacktrace">org.openqa.selenium.NoSuchElementException: no such element: Unable to locate element: {&quot;method&quot;:&quot;css selector&quot;,&quot;selector&quot;:&quot;#Activate0&quot;}
  (Session info: chrome=116.0.5845.180)
For documentation on this error, please visit: https://www.seleniumhq.org/exceptions/no_such_element.html
Build info: version: &apos;3.141.59&apos;, revision: &apos;e82be7d358&apos;, time: &apos;2018-11-14T08:17:03&apos;
System info: host: &apos;TECHNO-531&apos;, ip: &apos;192.168.254.134&apos;, os.name: &apos;Windows 10&apos;, os.arch: &apos;amd64&apos;, os.version: &apos;10.0&apos;, java.version: &apos;17.0.5&apos;
Driver info: org.openqa.selenium.chrome.ChromeDriver
Capabilities {acceptInsecureCerts: false, browserName: chrome, browserVersion: 116.0.5845.180, chrome: {chromedriverVersion: 116.0.5845.96 (1a3918166880..., userDataDir: C:\Users\KIRUTH~1.M\AppData...}, fedcm:accounts: true, goog:chromeOptions: {debuggerAddress: localhost:56397}, javascriptEnabled: true, networkConnectionEnabled: false, pageLoadStrategy: normal, platform: WINDOWS, platformName: WINDOWS, proxy: Proxy(), setWindowRect: true, strictFileInteractability: false, timeouts: {implicit: 0, pageLoad: 300000, script: 30000}, unhandledPromptBehavior: dismiss and notify, webauthn:extension:credBlob: true, webauthn:extension:largeBlob: true, webauthn:extension:minPinLength: true, webauthn:extension:prf: true, webauthn:virtualAuthenticators: true}
Session ID: 64e25264985e1bccc40d3454f4d33a04
*** Element info: {Using=id, value=Activate0}
	at org.openqa.selenium.remote.http.W3CHttpResponseCodec.createException(W3CHttpResponseCodec.java:187)
	at org.openqa.selenium.remote.http.W3CHttpResponseCodec.decode(W3CHttpResponseCodec.java:122)
	at org.openqa.selenium.remote.http.W3CHttpResponseCodec.decode(W3CHttpResponseCodec.java:49)
	at org.openqa.selenium.remote.HttpCommandExecutor.execute(HttpCommandExecutor.java:158)
	at org.openqa.selenium.remote.service.DriverCommandExecutor.execute(DriverCommandExecutor.java:83)
	at org.openqa.selenium.remote.RemoteWebDriver.execute(RemoteWebDriver.java:552)
	at org.openqa.selenium.remote.RemoteWebDriver.findElement(RemoteWebDriver.java:323)
	at org.openqa.selenium.remote.RemoteWebDriver.findElementById(RemoteWebDriver.java:372)
	at org.openqa.selenium.By$ById.findElement(By.java:188)
	at org.openqa.selenium.remote.RemoteWebDriver.findElement(RemoteWebDriver.java:315)
	at io.mosip.testrig.adminui.utility.Commons.click(Commons.java:88)
	at io.mosip.testrig.adminui.utility.Commons.activate(Commons.java:289)
	at io.mosip.testrig.adminui.testcase.CenterTypeTest.centerTypeCRUD(CenterTypeTest.java:55)
	at java.base/java.util.ArrayList.forEach(ArrayList.java:1511)
	at io.mosip.testrig.adminui.utility.TestRunner.main(TestRunner.java:61)
... Removed 29 stack frames</div></td></tr></table><p class="totop"><a href="#summary">back to summary</a></p>
<h3 id="m2">io.mosip.testrig.adminui.testcase.DocumentCategoriesTest#documentCategoriesCRUD</h3><table class="result"><tr><th>Exception</th></tr><tr><td><div class="stacktrace">org.openqa.selenium.NoSuchElementException: no such element: Unable to locate element: {&quot;method&quot;:&quot;css selector&quot;,&quot;selector&quot;:&quot;#Activate0&quot;}
  (Session info: chrome=116.0.5845.180)
For documentation on this error, please visit: https://www.seleniumhq.org/exceptions/no_such_element.html
Build info: version: &apos;3.141.59&apos;, revision: &apos;e82be7d358&apos;, time: &apos;2018-11-14T08:17:03&apos;
System info: host: &apos;TECHNO-531&apos;, ip: &apos;192.168.254.134&apos;, os.name: &apos;Windows 10&apos;, os.arch: &apos;amd64&apos;, os.version: &apos;10.0&apos;, java.version: &apos;17.0.5&apos;
Driver info: org.openqa.selenium.chrome.ChromeDriver
Capabilities {acceptInsecureCerts: false, browserName: chrome, browserVersion: 116.0.5845.180, chrome: {chromedriverVersion: 116.0.5845.96 (1a3918166880..., userDataDir: C:\Users\KIRUTH~1.M\AppData...}, fedcm:accounts: true, goog:chromeOptions: {debuggerAddress: localhost:56672}, javascriptEnabled: true, networkConnectionEnabled: false, pageLoadStrategy: normal, platform: WINDOWS, platformName: WINDOWS, proxy: Proxy(), setWindowRect: true, strictFileInteractability: false, timeouts: {implicit: 0, pageLoad: 300000, script: 30000}, unhandledPromptBehavior: dismiss and notify, webauthn:extension:credBlob: true, webauthn:extension:largeBlob: true, webauthn:extension:minPinLength: true, webauthn:extension:prf: true, webauthn:virtualAuthenticators: true}
Session ID: 0e383ae7ef42b2d4f34099dbb765264c
*** Element info: {Using=id, value=Activate0}
	at org.openqa.selenium.remote.http.W3CHttpResponseCodec.createException(W3CHttpResponseCodec.java:187)
	at org.openqa.selenium.remote.http.W3CHttpResponseCodec.decode(W3CHttpResponseCodec.java:122)
	at org.openqa.selenium.remote.http.W3CHttpResponseCodec.decode(W3CHttpResponseCodec.java:49)
	at org.openqa.selenium.remote.HttpCommandExecutor.execute(HttpCommandExecutor.java:158)
	at org.openqa.selenium.remote.service.DriverCommandExecutor.execute(DriverCommandExecutor.java:83)
	at org.openqa.selenium.remote.RemoteWebDriver.execute(RemoteWebDriver.java:552)
	at org.openqa.selenium.remote.RemoteWebDriver.findElement(RemoteWebDriver.java:323)
	at org.openqa.selenium.remote.RemoteWebDriver.findElementById(RemoteWebDriver.java:372)
	at org.openqa.selenium.By$ById.findElement(By.java:188)
	at org.openqa.selenium.remote.RemoteWebDriver.findElement(RemoteWebDriver.java:315)
	at io.mosip.testrig.adminui.utility.Commons.click(Commons.java:88)
	at io.mosip.testrig.adminui.utility.Commons.activate(Commons.java:289)
	at io.mosip.testrig.adminui.testcase.DocumentCategoriesTest.documentCategoriesCRUD(DocumentCategoriesTest.java:56)
	at java.base/java.util.ArrayList.forEach(ArrayList.java:1511)
	at io.mosip.testrig.adminui.utility.TestRunner.main(TestRunner.java:61)
... Removed 29 stack frames</div></td></tr></table><p class="totop"><a href="#summary">back to summary</a></p>
<h3 id="m3">io.mosip.testrig.adminui.testcase.DocumentTypes#documentTypesCRUD</h3><table class="result"><tr><th>Exception</th></tr><tr><td><div class="stacktrace">org.openqa.selenium.NoSuchElementException: no such element: Unable to locate element: {&quot;method&quot;:&quot;css selector&quot;,&quot;selector&quot;:&quot;#Activate0&quot;}
  (Session info: chrome=116.0.5845.180)
For documentation on this error, please visit: https://www.seleniumhq.org/exceptions/no_such_element.html
Build info: version: &apos;3.141.59&apos;, revision: &apos;e82be7d358&apos;, time: &apos;2018-11-14T08:17:03&apos;
System info: host: &apos;TECHNO-531&apos;, ip: &apos;192.168.254.134&apos;, os.name: &apos;Windows 10&apos;, os.arch: &apos;amd64&apos;, os.version: &apos;10.0&apos;, java.version: &apos;17.0.5&apos;
Driver info: org.openqa.selenium.chrome.ChromeDriver
Capabilities {acceptInsecureCerts: false, browserName: chrome, browserVersion: 116.0.5845.180, chrome: {chromedriverVersion: 116.0.5845.96 (1a3918166880..., userDataDir: C:\Users\KIRUTH~1.M\AppData...}, fedcm:accounts: true, goog:chromeOptions: {debuggerAddress: localhost:56721}, javascriptEnabled: true, networkConnectionEnabled: false, pageLoadStrategy: normal, platform: WINDOWS, platformName: WINDOWS, proxy: Proxy(), setWindowRect: true, strictFileInteractability: false, timeouts: {implicit: 0, pageLoad: 300000, script: 30000}, unhandledPromptBehavior: dismiss and notify, webauthn:extension:credBlob: true, webauthn:extension:largeBlob: true, webauthn:extension:minPinLength: true, webauthn:extension:prf: true, webauthn:virtualAuthenticators: true}
Session ID: 4eee9917382d13787096eed1e8e6d125
*** Element info: {Using=id, value=Activate0}
	at org.openqa.selenium.remote.http.W3CHttpResponseCodec.createException(W3CHttpResponseCodec.java:187)
	at org.openqa.selenium.remote.http.W3CHttpResponseCodec.decode(W3CHttpResponseCodec.java:122)
	at org.openqa.selenium.remote.http.W3CHttpResponseCodec.decode(W3CHttpResponseCodec.java:49)
	at org.openqa.selenium.remote.HttpCommandExecutor.execute(HttpCommandExecutor.java:158)
	at org.openqa.selenium.remote.service.DriverCommandExecutor.execute(DriverCommandExecutor.java:83)
	at org.openqa.selenium.remote.RemoteWebDriver.execute(RemoteWebDriver.java:552)
	at org.openqa.selenium.remote.RemoteWebDriver.findElement(RemoteWebDriver.java:323)
	at org.openqa.selenium.remote.RemoteWebDriver.findElementById(RemoteWebDriver.java:372)
	at org.openqa.selenium.By$ById.findElement(By.java:188)
	at org.openqa.selenium.remote.RemoteWebDriver.findElement(RemoteWebDriver.java:315)
	at io.mosip.testrig.adminui.utility.Commons.click(Commons.java:88)
	at io.mosip.testrig.adminui.utility.Commons.activate(Commons.java:289)
	at io.mosip.testrig.adminui.testcase.DocumentTypes.documentTypesCRUD(DocumentTypes.java:56)
	at java.base/java.util.ArrayList.forEach(ArrayList.java:1511)
	at io.mosip.testrig.adminui.utility.TestRunner.main(TestRunner.java:61)
... Removed 29 stack frames</div></td></tr></table><p class="totop"><a href="#summary">back to summary</a></p>
<h3 id="m4">io.mosip.testrig.adminui.testcase.BlockListTest#blocklistedwordsCRUD</h3><table class="result"><tr><th class="invisible"/></tr></table><p class="totop"><a href="#summary">back to summary</a></p>
<h3 id="m5">io.mosip.testrig.adminui.testcase.DeviceSpecificationTest#deviceSpecCRUD</h3><table class="result"><tr><th class="invisible"/></tr></table><p class="totop"><a href="#summary">back to summary</a></p>
<h3 id="m6">io.mosip.testrig.adminui.testcase.DeviceTest#deviceCRUD</h3><table class="result"><tr><th class="invisible"/></tr></table><p class="totop"><a href="#summary">back to summary</a></p>
<h3 id="m7">io.mosip.testrig.adminui.testcase.DeviceTypesTest#deviceTypesCRUD</h3><table class="result"><tr><th class="invisible"/></tr></table><p class="totop"><a href="#summary">back to summary</a></p>
<h3 id="m8">io.mosip.testrig.adminui.testcase.DynamicFieldTest#dynamicFieldCRUD</h3><table class="result"><tr><th class="invisible"/></tr></table><p class="totop"><a href="#summary">back to summary</a></p>
<h3 id="m9">io.mosip.testrig.adminui.testcase.HolidaysTest#holidaysCRUD</h3><table class="result"><tr><th class="invisible"/></tr></table><p class="totop"><a href="#summary">back to summary</a></p>
<h3 id="m10">io.mosip.testrig.adminui.testcase.MachineSpecificationTest#machineSpecCRUD</h3><table class="result"><tr><th class="invisible"/></tr></table><p class="totop"><a href="#summary">back to summary</a></p>
<h3 id="m11">io.mosip.testrig.adminui.testcase.MachineTest#machineCRUD</h3><table class="result"><tr><th class="invisible"/></tr></table><p class="totop"><a href="#summary">back to summary</a></p>
<h3 id="m12">io.mosip.testrig.adminui.testcase.MachineTypesTest#machineTypesCRUD</h3><table class="result"><tr><th class="invisible"/></tr></table><p class="totop"><a href="#summary">back to summary</a></p>
<h3 id="m13">io.mosip.testrig.adminui.testcase.TemplateTest#templateCRUD</h3><table class="result"><tr><th class="invisible"/></tr></table><p class="totop"><a href="#summary">back to summary</a></p>
</body>
</html>
