<!DOCTYPE html PUBLIC "-//W3C//DTD XHTML 1.1//EN" "http://www.w3.org/TR/xhtml11/DTD/xhtml11.dtd">
<html xmlns="http://www.w3.org/1999/xhtml">
<head>
<meta http-equiv="content-type" content="text/html; charset=UTF-8"/>
<title>TestNG Report</title>
<style type="text/css">table {margin-bottom:10px;border-collapse:collapse;empty-cells:show}th,td {border:1px solid #009;padding:.25em .5em}th {vertical-align:bottom}td {vertical-align:top}table a {font-weight:bold}.stripe td {background-color: #E6EBF9}.num {text-align:right}.passedodd td {background-color: #3F3}.passedeven td {background-color: #0A0}.skippedodd td {background-color: #DDD}.skippedeven td {background-color: #CCC}.failedodd td,.attn {background-color: #F33}.failedeven td,.stripe .attn {background-color: #D00}.stacktrace {white-space:pre;font-family:monospace}.totop {font-size:85%;text-align:center;border-bottom:2px solid #000}.invisible {display:none}</style>
</head>
<body>
<table>
<tr><th>Test</th><th># Passed</th><th># Skipped</th><th># Retried</th><th># Failed</th><th>Time (ms)</th><th>Included Groups</th><th>Excluded Groups</th></tr>
<tr><th colspan="8">Command line suite</th></tr>
<tr><td><a href="#t0">Command line test</a></td><td class="num">8</td><td class="num">0</td><td class="num">0</td><td class="num attn">6</td><td class="num">1,475,600</td><td></td><td>BU</td></tr>
</table>
<table id='summary'><thead><tr><th>Class</th><th>Method</th><th>Start</th><th>Time (ms)</th></tr></thead><tbody><tr><th colspan="4">Command line suite</th></tr></tbody><tbody id="t0"><tr><th colspan="4">Command line test &#8212; failed</th></tr><tr class="failedeven"><td rowspan="1">io.mosip.testrig.adminui.testcase.CenterTest</td><td><a href="#m0">centerCRUD</a></td><td rowspan="1">1695191913761</td><td rowspan="1">213200</td></tr><tr class="failedodd"><td rowspan="1">io.mosip.testrig.adminui.testcase.CenterTypeTest</td><td><a href="#m1">centerTypeCRUD</a></td><td rowspan="1">1695192832652</td><td rowspan="1">72064</td></tr><tr class="failedeven"><td rowspan="1">io.mosip.testrig.adminui.testcase.DocumentCategoriesTest</td><td><a href="#m2">documentCategoriesCRUD</a></td><td rowspan="1">1695193226040</td><td rowspan="1">76324</td></tr><tr class="failedodd"><td rowspan="1">io.mosip.testrig.adminui.testcase.DocumentTypes</td><td><a href="#m3">documentTypesCRUD</a></td><td rowspan="1">1695193309648</td><td rowspan="1">72191</td></tr><tr class="failedeven"><td rowspan="1">io.mosip.testrig.adminui.testcase.HolidaysTest</td><td><a href="#m4">holidaysCRUD</a></td><td rowspan="1">1695192133598</td><td rowspan="1">179701</td></tr><tr class="failedodd"><td rowspan="1">io.mosip.testrig.adminui.testcase.MachineTest</td><td><a href="#m5">machineCRUD</a></td><td rowspan="1">1695192503702</td><td rowspan="1">190299</td></tr><tr><th colspan="4">Command line test &#8212; passed</th></tr><tr class="passedeven"><td rowspan="1">io.mosip.testrig.adminui.testcase.BlockListTest</td><td><a href="#m6">blocklistedwordsCRUD</a></td><td rowspan="1">1695192702498</td><td rowspan="1">121541</td></tr><tr class="passedodd"><td rowspan="1">io.mosip.testrig.adminui.testcase.DeviceSpecificationTest</td><td><a href="#m7">deviceSpecCRUD</a></td><td rowspan="1">1695192911693</td><td rowspan="1">59870</td></tr><tr class="passedeven"><td rowspan="1">io.mosip.testrig.adminui.testcase.DeviceTest</td><td><a href="#m8">deviceCRUD</a></td><td rowspan="1">1695192396615</td><td rowspan="1">91206</td></tr><tr class="passedodd"><td rowspan="1">io.mosip.testrig.adminui.testcase.DeviceTypesTest</td><td><a href="#m9">deviceTypesCRUD</a></td><td rowspan="1">1695192978186</td><td rowspan="1">54209</td></tr><tr class="passedeven"><td rowspan="1">io.mosip.testrig.adminui.testcase.DynamicFieldTest</td><td><a href="#m10">dynamicFieldCRUD</a></td><td rowspan="1">1695193165821</td><td rowspan="1">53512</td></tr><tr class="passedodd"><td rowspan="1">io.mosip.testrig.adminui.testcase.MachineSpecificationTest</td><td><a href="#m11">machineSpecCRUD</a></td><td rowspan="1">1695193039115</td><td rowspan="1">59215</td></tr><tr class="passedeven"><td rowspan="1">io.mosip.testrig.adminui.testcase.MachineTypesTest</td><td><a href="#m12">machineTypesCRUD</a></td><td rowspan="1">1695193105220</td><td rowspan="1">54197</td></tr><tr class="passedodd"><td rowspan="1">io.mosip.testrig.adminui.testcase.TemplateTest</td><td><a href="#m13">templateCRUD</a></td><td rowspan="1">1695192320186</td><td rowspan="1">69995</td></tr></tbody>
</table>
<h2>Command line test</h2><h3 id="m0">io.mosip.testrig.adminui.testcase.CenterTest#centerCRUD</h3><table class="result"><tr><th>Messages</th></tr><tr><td><div class="messages">centerCRUD</div></td></tr><tr><th>Exception</th></tr><tr><td><div class="stacktrace">org.openqa.selenium.NoSuchWindowException: no such window: target window already closed
from unknown error: web view not found
  (Session info: chrome=116.0.5845.180)
Build info: version: &apos;3.141.59&apos;, revision: &apos;e82be7d358&apos;, time: &apos;2018-11-14T08:17:03&apos;
System info: host: &apos;TECHNO-531&apos;, ip: &apos;192.168.254.144&apos;, os.name: &apos;Windows 10&apos;, os.arch: &apos;amd64&apos;, os.version: &apos;10.0&apos;, java.version: &apos;17.0.5&apos;
Driver info: org.openqa.selenium.chrome.ChromeDriver
Capabilities {acceptInsecureCerts: false, browserName: chrome, browserVersion: 116.0.5845.180, chrome: {chromedriverVersion: 116.0.5845.96 (1a3918166880..., userDataDir: C:\Users\KIRUTH~1.M\AppData...}, fedcm:accounts: true, goog:chromeOptions: {debuggerAddress: localhost:54197}, javascriptEnabled: true, networkConnectionEnabled: false, pageLoadStrategy: normal, platform: WINDOWS, platformName: WINDOWS, proxy: Proxy(), setWindowRect: true, strictFileInteractability: false, timeouts: {implicit: 0, pageLoad: 300000, script: 30000}, unhandledPromptBehavior: dismiss and notify, webauthn:extension:credBlob: true, webauthn:extension:largeBlob: true, webauthn:extension:minPinLength: true, webauthn:extension:prf: true, webauthn:virtualAuthenticators: true}
Session ID: 4887fad589ddb04e60ab06e51898ec1b
*** Element info: {Using=id, value=ellipsis-button0}
	at org.openqa.selenium.remote.http.W3CHttpResponseCodec.createException(W3CHttpResponseCodec.java:187)
	at org.openqa.selenium.remote.http.W3CHttpResponseCodec.decode(W3CHttpResponseCodec.java:122)
	at org.openqa.selenium.remote.http.W3CHttpResponseCodec.decode(W3CHttpResponseCodec.java:49)
	at org.openqa.selenium.remote.HttpCommandExecutor.execute(HttpCommandExecutor.java:158)
	at org.openqa.selenium.remote.service.DriverCommandExecutor.execute(DriverCommandExecutor.java:83)
	at org.openqa.selenium.remote.RemoteWebDriver.execute(RemoteWebDriver.java:552)
	at org.openqa.selenium.remote.RemoteWebDriver.findElement(RemoteWebDriver.java:323)
	at org.openqa.selenium.remote.RemoteWebDriver.findElementById(RemoteWebDriver.java:372)
	at org.openqa.selenium.By$ById.findElement(By.java:188)
	at org.openqa.selenium.remote.RemoteWebDriver.findElement(RemoteWebDriver.java:315)
	at io.mosip.testrig.adminui.utility.Commons.click(Commons.java:90)
	at io.mosip.testrig.adminui.utility.Commons.activate(Commons.java:290)
	at io.mosip.testrig.adminui.testcase.CenterTest.centerCRUD(CenterTest.java:105)
	at java.base/java.util.ArrayList.forEach(ArrayList.java:1511)
	at io.mosip.testrig.adminui.utility.TestRunner.startTestRunner(TestRunner.java:99)
	at io.mosip.testrig.adminui.utility.TestRunner.main(TestRunner.java:66)
... Removed 28 stack frames</div></td></tr></table><p class="totop"><a href="#summary">back to summary</a></p>
<h3 id="m1">io.mosip.testrig.adminui.testcase.CenterTypeTest#centerTypeCRUD</h3><table class="result"><tr><th>Exception</th></tr><tr><td><div class="stacktrace">org.openqa.selenium.NoSuchElementException: no such element: Unable to locate element: {&quot;method&quot;:&quot;css selector&quot;,&quot;selector&quot;:&quot;#Activate0&quot;}
  (Session info: chrome=116.0.5845.180)
For documentation on this error, please visit: https://www.seleniumhq.org/exceptions/no_such_element.html
Build info: version: &apos;3.141.59&apos;, revision: &apos;e82be7d358&apos;, time: &apos;2018-11-14T08:17:03&apos;
System info: host: &apos;TECHNO-531&apos;, ip: &apos;192.168.254.144&apos;, os.name: &apos;Windows 10&apos;, os.arch: &apos;amd64&apos;, os.version: &apos;10.0&apos;, java.version: &apos;17.0.5&apos;
Driver info: org.openqa.selenium.chrome.ChromeDriver
Capabilities {acceptInsecureCerts: false, browserName: chrome, browserVersion: 116.0.5845.180, chrome: {chromedriverVersion: 116.0.5845.96 (1a3918166880..., userDataDir: C:\Users\KIRUTH~1.M\AppData...}, fedcm:accounts: true, goog:chromeOptions: {debuggerAddress: localhost:54571}, javascriptEnabled: true, networkConnectionEnabled: false, pageLoadStrategy: normal, platform: WINDOWS, platformName: WINDOWS, proxy: Proxy(), setWindowRect: true, strictFileInteractability: false, timeouts: {implicit: 0, pageLoad: 300000, script: 30000}, unhandledPromptBehavior: dismiss and notify, webauthn:extension:credBlob: true, webauthn:extension:largeBlob: true, webauthn:extension:minPinLength: true, webauthn:extension:prf: true, webauthn:virtualAuthenticators: true}
Session ID: b919bdc7c734b5803944f772e829c282
*** Element info: {Using=id, value=Activate0}
	at org.openqa.selenium.remote.http.W3CHttpResponseCodec.createException(W3CHttpResponseCodec.java:187)
	at org.openqa.selenium.remote.http.W3CHttpResponseCodec.decode(W3CHttpResponseCodec.java:122)
	at org.openqa.selenium.remote.http.W3CHttpResponseCodec.decode(W3CHttpResponseCodec.java:49)
	at org.openqa.selenium.remote.HttpCommandExecutor.execute(HttpCommandExecutor.java:158)
	at org.openqa.selenium.remote.service.DriverCommandExecutor.execute(DriverCommandExecutor.java:83)
	at org.openqa.selenium.remote.RemoteWebDriver.execute(RemoteWebDriver.java:552)
	at org.openqa.selenium.remote.RemoteWebDriver.findElement(RemoteWebDriver.java:323)
	at org.openqa.selenium.remote.RemoteWebDriver.findElementById(RemoteWebDriver.java:372)
	at org.openqa.selenium.By$ById.findElement(By.java:188)
	at org.openqa.selenium.remote.RemoteWebDriver.findElement(RemoteWebDriver.java:315)
	at io.mosip.testrig.adminui.utility.Commons.click(Commons.java:90)
	at io.mosip.testrig.adminui.utility.Commons.activate(Commons.java:291)
	at io.mosip.testrig.adminui.testcase.CenterTypeTest.centerTypeCRUD(CenterTypeTest.java:55)
	at java.base/java.util.ArrayList.forEach(ArrayList.java:1511)
	at io.mosip.testrig.adminui.utility.TestRunner.startTestRunner(TestRunner.java:99)
	at io.mosip.testrig.adminui.utility.TestRunner.main(TestRunner.java:66)
... Removed 28 stack frames</div></td></tr></table><p class="totop"><a href="#summary">back to summary</a></p>
<h3 id="m2">io.mosip.testrig.adminui.testcase.DocumentCategoriesTest#documentCategoriesCRUD</h3><table class="result"><tr><th>Exception</th></tr><tr><td><div class="stacktrace">org.openqa.selenium.NoSuchElementException: no such element: Unable to locate element: {&quot;method&quot;:&quot;css selector&quot;,&quot;selector&quot;:&quot;#Activate0&quot;}
  (Session info: chrome=116.0.5845.180)
For documentation on this error, please visit: https://www.seleniumhq.org/exceptions/no_such_element.html
Build info: version: &apos;3.141.59&apos;, revision: &apos;e82be7d358&apos;, time: &apos;2018-11-14T08:17:03&apos;
System info: host: &apos;TECHNO-531&apos;, ip: &apos;192.168.254.144&apos;, os.name: &apos;Windows 10&apos;, os.arch: &apos;amd64&apos;, os.version: &apos;10.0&apos;, java.version: &apos;17.0.5&apos;
Driver info: org.openqa.selenium.chrome.ChromeDriver
Capabilities {acceptInsecureCerts: false, browserName: chrome, browserVersion: 116.0.5845.180, chrome: {chromedriverVersion: 116.0.5845.96 (1a3918166880..., userDataDir: C:\Users\KIRUTH~1.M\AppData...}, fedcm:accounts: true, goog:chromeOptions: {debuggerAddress: localhost:54877}, javascriptEnabled: true, networkConnectionEnabled: false, pageLoadStrategy: normal, platform: WINDOWS, platformName: WINDOWS, proxy: Proxy(), setWindowRect: true, strictFileInteractability: false, timeouts: {implicit: 0, pageLoad: 300000, script: 30000}, unhandledPromptBehavior: dismiss and notify, webauthn:extension:credBlob: true, webauthn:extension:largeBlob: true, webauthn:extension:minPinLength: true, webauthn:extension:prf: true, webauthn:virtualAuthenticators: true}
Session ID: a14b26547935ef5c9508a41e4c99a792
*** Element info: {Using=id, value=Activate0}
	at org.openqa.selenium.remote.http.W3CHttpResponseCodec.createException(W3CHttpResponseCodec.java:187)
	at org.openqa.selenium.remote.http.W3CHttpResponseCodec.decode(W3CHttpResponseCodec.java:122)
	at org.openqa.selenium.remote.http.W3CHttpResponseCodec.decode(W3CHttpResponseCodec.java:49)
	at org.openqa.selenium.remote.HttpCommandExecutor.execute(HttpCommandExecutor.java:158)
	at org.openqa.selenium.remote.service.DriverCommandExecutor.execute(DriverCommandExecutor.java:83)
	at org.openqa.selenium.remote.RemoteWebDriver.execute(RemoteWebDriver.java:552)
	at org.openqa.selenium.remote.RemoteWebDriver.findElement(RemoteWebDriver.java:323)
	at org.openqa.selenium.remote.RemoteWebDriver.findElementById(RemoteWebDriver.java:372)
	at org.openqa.selenium.By$ById.findElement(By.java:188)
	at org.openqa.selenium.remote.RemoteWebDriver.findElement(RemoteWebDriver.java:315)
	at io.mosip.testrig.adminui.utility.Commons.click(Commons.java:90)
	at io.mosip.testrig.adminui.utility.Commons.activate(Commons.java:291)
	at io.mosip.testrig.adminui.testcase.DocumentCategoriesTest.documentCategoriesCRUD(DocumentCategoriesTest.java:56)
	at java.base/java.util.ArrayList.forEach(ArrayList.java:1511)
	at io.mosip.testrig.adminui.utility.TestRunner.startTestRunner(TestRunner.java:99)
	at io.mosip.testrig.adminui.utility.TestRunner.main(TestRunner.java:66)
... Removed 28 stack frames</div></td></tr></table><p class="totop"><a href="#summary">back to summary</a></p>
<h3 id="m3">io.mosip.testrig.adminui.testcase.DocumentTypes#documentTypesCRUD</h3><table class="result"><tr><th>Exception</th></tr><tr><td><div class="stacktrace">org.openqa.selenium.NoSuchElementException: no such element: Unable to locate element: {&quot;method&quot;:&quot;css selector&quot;,&quot;selector&quot;:&quot;#Activate0&quot;}
  (Session info: chrome=116.0.5845.180)
For documentation on this error, please visit: https://www.seleniumhq.org/exceptions/no_such_element.html
Build info: version: &apos;3.141.59&apos;, revision: &apos;e82be7d358&apos;, time: &apos;2018-11-14T08:17:03&apos;
System info: host: &apos;TECHNO-531&apos;, ip: &apos;192.168.254.144&apos;, os.name: &apos;Windows 10&apos;, os.arch: &apos;amd64&apos;, os.version: &apos;10.0&apos;, java.version: &apos;17.0.5&apos;
Driver info: org.openqa.selenium.chrome.ChromeDriver
Capabilities {acceptInsecureCerts: false, browserName: chrome, browserVersion: 116.0.5845.180, chrome: {chromedriverVersion: 116.0.5845.96 (1a3918166880..., userDataDir: C:\Users\KIRUTH~1.M\AppData...}, fedcm:accounts: true, goog:chromeOptions: {debuggerAddress: localhost:54966}, javascriptEnabled: true, networkConnectionEnabled: false, pageLoadStrategy: normal, platform: WINDOWS, platformName: WINDOWS, proxy: Proxy(), setWindowRect: true, strictFileInteractability: false, timeouts: {implicit: 0, pageLoad: 300000, script: 30000}, unhandledPromptBehavior: dismiss and notify, webauthn:extension:credBlob: true, webauthn:extension:largeBlob: true, webauthn:extension:minPinLength: true, webauthn:extension:prf: true, webauthn:virtualAuthenticators: true}
Session ID: 8c0be60fd0ddcd11e6c85b83bda33c3f
*** Element info: {Using=id, value=Activate0}
	at org.openqa.selenium.remote.http.W3CHttpResponseCodec.createException(W3CHttpResponseCodec.java:187)
	at org.openqa.selenium.remote.http.W3CHttpResponseCodec.decode(W3CHttpResponseCodec.java:122)
	at org.openqa.selenium.remote.http.W3CHttpResponseCodec.decode(W3CHttpResponseCodec.java:49)
	at org.openqa.selenium.remote.HttpCommandExecutor.execute(HttpCommandExecutor.java:158)
	at org.openqa.selenium.remote.service.DriverCommandExecutor.execute(DriverCommandExecutor.java:83)
	at org.openqa.selenium.remote.RemoteWebDriver.execute(RemoteWebDriver.java:552)
	at org.openqa.selenium.remote.RemoteWebDriver.findElement(RemoteWebDriver.java:323)
	at org.openqa.selenium.remote.RemoteWebDriver.findElementById(RemoteWebDriver.java:372)
	at org.openqa.selenium.By$ById.findElement(By.java:188)
	at org.openqa.selenium.remote.RemoteWebDriver.findElement(RemoteWebDriver.java:315)
	at io.mosip.testrig.adminui.utility.Commons.click(Commons.java:90)
	at io.mosip.testrig.adminui.utility.Commons.activate(Commons.java:291)
	at io.mosip.testrig.adminui.testcase.DocumentTypes.documentTypesCRUD(DocumentTypes.java:56)
	at java.base/java.util.ArrayList.forEach(ArrayList.java:1511)
	at io.mosip.testrig.adminui.utility.TestRunner.startTestRunner(TestRunner.java:99)
	at io.mosip.testrig.adminui.utility.TestRunner.main(TestRunner.java:66)
... Removed 28 stack frames</div></td></tr></table><p class="totop"><a href="#summary">back to summary</a></p>
<h3 id="m4">io.mosip.testrig.adminui.testcase.HolidaysTest#holidaysCRUD</h3><table class="result"><tr><th>Exception</th></tr><tr><td><div class="stacktrace">org.openqa.selenium.NoSuchElementException: no such element: Unable to locate element: {&quot;method&quot;:&quot;css selector&quot;,&quot;selector&quot;:&quot;#ellipsis\-button0&quot;}
  (Session info: chrome=116.0.5845.180)
For documentation on this error, please visit: https://www.seleniumhq.org/exceptions/no_such_element.html
Build info: version: &apos;3.141.59&apos;, revision: &apos;e82be7d358&apos;, time: &apos;2018-11-14T08:17:03&apos;
System info: host: &apos;TECHNO-531&apos;, ip: &apos;192.168.254.144&apos;, os.name: &apos;Windows 10&apos;, os.arch: &apos;amd64&apos;, os.version: &apos;10.0&apos;, java.version: &apos;17.0.5&apos;
Driver info: org.openqa.selenium.chrome.ChromeDriver
Capabilities {acceptInsecureCerts: false, browserName: chrome, browserVersion: 116.0.5845.180, chrome: {chromedriverVersion: 116.0.5845.96 (1a3918166880..., userDataDir: C:\Users\KIRUTH~1.M\AppData...}, fedcm:accounts: true, goog:chromeOptions: {debuggerAddress: localhost:54262}, javascriptEnabled: true, networkConnectionEnabled: false, pageLoadStrategy: normal, platform: WINDOWS, platformName: WINDOWS, proxy: Proxy(), setWindowRect: true, strictFileInteractability: false, timeouts: {implicit: 0, pageLoad: 300000, script: 30000}, unhandledPromptBehavior: dismiss and notify, webauthn:extension:credBlob: true, webauthn:extension:largeBlob: true, webauthn:extension:minPinLength: true, webauthn:extension:prf: true, webauthn:virtualAuthenticators: true}
Session ID: 99c5fc4478fd873261a3580a9433acf8
*** Element info: {Using=id, value=ellipsis-button0}
	at org.openqa.selenium.remote.http.W3CHttpResponseCodec.createException(W3CHttpResponseCodec.java:187)
	at org.openqa.selenium.remote.http.W3CHttpResponseCodec.decode(W3CHttpResponseCodec.java:122)
	at org.openqa.selenium.remote.http.W3CHttpResponseCodec.decode(W3CHttpResponseCodec.java:49)
	at org.openqa.selenium.remote.HttpCommandExecutor.execute(HttpCommandExecutor.java:158)
	at org.openqa.selenium.remote.service.DriverCommandExecutor.execute(DriverCommandExecutor.java:83)
	at org.openqa.selenium.remote.RemoteWebDriver.execute(RemoteWebDriver.java:552)
	at org.openqa.selenium.remote.RemoteWebDriver.findElement(RemoteWebDriver.java:323)
	at org.openqa.selenium.remote.RemoteWebDriver.findElementById(RemoteWebDriver.java:372)
	at org.openqa.selenium.By$ById.findElement(By.java:188)
	at org.openqa.selenium.remote.RemoteWebDriver.findElement(RemoteWebDriver.java:315)
	at io.mosip.testrig.adminui.utility.Commons.click(Commons.java:90)
	at io.mosip.testrig.adminui.utility.Commons.activate(Commons.java:290)
	at io.mosip.testrig.adminui.testcase.HolidaysTest.holidaysCRUD(HolidaysTest.java:66)
	at java.base/java.util.ArrayList.forEach(ArrayList.java:1511)
	at io.mosip.testrig.adminui.utility.TestRunner.startTestRunner(TestRunner.java:99)
	at io.mosip.testrig.adminui.utility.TestRunner.main(TestRunner.java:66)
... Removed 29 stack frames</div></td></tr></table><p class="totop"><a href="#summary">back to summary</a></p>
<h3 id="m5">io.mosip.testrig.adminui.testcase.MachineTest#machineCRUD</h3><table class="result"><tr><th>Exception</th></tr><tr><td><div class="stacktrace">org.openqa.selenium.NoSuchElementException: no such element: Unable to locate element: {&quot;method&quot;:&quot;css selector&quot;,&quot;selector&quot;:&quot;#ellipsis\-button0&quot;}
  (Session info: chrome=116.0.5845.180)
For documentation on this error, please visit: https://www.seleniumhq.org/exceptions/no_such_element.html
Build info: version: &apos;3.141.59&apos;, revision: &apos;e82be7d358&apos;, time: &apos;2018-11-14T08:17:03&apos;
System info: host: &apos;TECHNO-531&apos;, ip: &apos;192.168.254.144&apos;, os.name: &apos;Windows 10&apos;, os.arch: &apos;amd64&apos;, os.version: &apos;10.0&apos;, java.version: &apos;17.0.5&apos;
Driver info: org.openqa.selenium.chrome.ChromeDriver
Capabilities {acceptInsecureCerts: false, browserName: chrome, browserVersion: 116.0.5845.180, chrome: {chromedriverVersion: 116.0.5845.96 (1a3918166880..., userDataDir: C:\Users\KIRUTH~1.M\AppData...}, fedcm:accounts: true, goog:chromeOptions: {debuggerAddress: localhost:54445}, javascriptEnabled: true, networkConnectionEnabled: false, pageLoadStrategy: normal, platform: WINDOWS, platformName: WINDOWS, proxy: Proxy(), setWindowRect: true, strictFileInteractability: false, timeouts: {implicit: 0, pageLoad: 300000, script: 30000}, unhandledPromptBehavior: dismiss and notify, webauthn:extension:credBlob: true, webauthn:extension:largeBlob: true, webauthn:extension:minPinLength: true, webauthn:extension:prf: true, webauthn:virtualAuthenticators: true}
Session ID: 024da45acb8c0851b19ee6e27066a695
*** Element info: {Using=id, value=ellipsis-button0}
	at org.openqa.selenium.remote.http.W3CHttpResponseCodec.createException(W3CHttpResponseCodec.java:187)
	at org.openqa.selenium.remote.http.W3CHttpResponseCodec.decode(W3CHttpResponseCodec.java:122)
	at org.openqa.selenium.remote.http.W3CHttpResponseCodec.decode(W3CHttpResponseCodec.java:49)
	at org.openqa.selenium.remote.HttpCommandExecutor.execute(HttpCommandExecutor.java:158)
	at org.openqa.selenium.remote.service.DriverCommandExecutor.execute(DriverCommandExecutor.java:83)
	at org.openqa.selenium.remote.RemoteWebDriver.execute(RemoteWebDriver.java:552)
	at org.openqa.selenium.remote.RemoteWebDriver.findElement(RemoteWebDriver.java:323)
	at org.openqa.selenium.remote.RemoteWebDriver.findElementById(RemoteWebDriver.java:372)
	at org.openqa.selenium.By$ById.findElement(By.java:188)
	at org.openqa.selenium.remote.RemoteWebDriver.findElement(RemoteWebDriver.java:315)
	at io.mosip.testrig.adminui.utility.Commons.click(Commons.java:90)
	at io.mosip.testrig.adminui.utility.Commons.activate(Commons.java:290)
	at io.mosip.testrig.adminui.testcase.MachineTest.machineCRUD(MachineTest.java:68)
	at java.base/java.util.ArrayList.forEach(ArrayList.java:1511)
	at io.mosip.testrig.adminui.utility.TestRunner.startTestRunner(TestRunner.java:99)
	at io.mosip.testrig.adminui.utility.TestRunner.main(TestRunner.java:66)
... Removed 28 stack frames</div></td></tr></table><p class="totop"><a href="#summary">back to summary</a></p>
<h3 id="m6">io.mosip.testrig.adminui.testcase.BlockListTest#blocklistedwordsCRUD</h3><table class="result"><tr><th class="invisible"/></tr></table><p class="totop"><a href="#summary">back to summary</a></p>
<h3 id="m7">io.mosip.testrig.adminui.testcase.DeviceSpecificationTest#deviceSpecCRUD</h3><table class="result"><tr><th class="invisible"/></tr></table><p class="totop"><a href="#summary">back to summary</a></p>
<h3 id="m8">io.mosip.testrig.adminui.testcase.DeviceTest#deviceCRUD</h3><table class="result"><tr><th class="invisible"/></tr></table><p class="totop"><a href="#summary">back to summary</a></p>
<h3 id="m9">io.mosip.testrig.adminui.testcase.DeviceTypesTest#deviceTypesCRUD</h3><table class="result"><tr><th class="invisible"/></tr></table><p class="totop"><a href="#summary">back to summary</a></p>
<h3 id="m10">io.mosip.testrig.adminui.testcase.DynamicFieldTest#dynamicFieldCRUD</h3><table class="result"><tr><th class="invisible"/></tr></table><p class="totop"><a href="#summary">back to summary</a></p>
<h3 id="m11">io.mosip.testrig.adminui.testcase.MachineSpecificationTest#machineSpecCRUD</h3><table class="result"><tr><th class="invisible"/></tr></table><p class="totop"><a href="#summary">back to summary</a></p>
<h3 id="m12">io.mosip.testrig.adminui.testcase.MachineTypesTest#machineTypesCRUD</h3><table class="result"><tr><th class="invisible"/></tr></table><p class="totop"><a href="#summary">back to summary</a></p>
<h3 id="m13">io.mosip.testrig.adminui.testcase.TemplateTest#templateCRUD</h3><table class="result"><tr><th class="invisible"/></tr></table><p class="totop"><a href="#summary">back to summary</a></p>
</body>
</html>
