<!DOCTYPE html PUBLIC "-//W3C//DTD XHTML 1.1//EN" "http://www.w3.org/TR/xhtml11/DTD/xhtml11.dtd">
<html xmlns="http://www.w3.org/1999/xhtml">
<head>
<meta http-equiv="content-type" content="text/html; charset=UTF-8"/>
<title>TestNG Report</title>
<style type="text/css">table {margin-bottom:10px;border-collapse:collapse;empty-cells:show}th,td {border:1px solid #009;padding:.25em .5em}th {vertical-align:bottom}td {vertical-align:top}table a {font-weight:bold}.stripe td {background-color: #E6EBF9}.num {text-align:right}.passedodd td {background-color: #3F3}.passedeven td {background-color: #0A0}.skippedodd td {background-color: #DDD}.skippedeven td {background-color: #CCC}.failedodd td,.attn {background-color: #F33}.failedeven td,.stripe .attn {background-color: #D00}.stacktrace {white-space:pre;font-family:monospace}.totop {font-size:85%;text-align:center;border-bottom:2px solid #000}.invisible {display:none}</style>
</head>
<body>
<table>
<tr><th>Test</th><th># Passed</th><th># Skipped</th><th># Retried</th><th># Failed</th><th>Time (ms)</th><th>Included Groups</th><th>Excluded Groups</th></tr>
<tr><th colspan="8">Command line suite</th></tr>
<tr><td><a href="#t0">Command line test</a></td><td class="num">0</td><td class="num attn">1</td><td class="num">0</td><td class="num">0</td><td class="num">8,049</td><td></td><td>DF, D, MS, MT, H, BL, M, DS, DT, CT, BU, T, DOC, DOCT</td></tr>
</table>
<table id='summary'><thead><tr><th>Class</th><th>Method</th><th>Start</th><th>Time (ms)</th></tr></thead><tbody><tr><th colspan="4">Command line suite</th></tr></tbody><tbody id="t0"><tr><th colspan="4">Command line test &#8212; failed (configuration methods)</th></tr><tr class="failedeven"><td rowspan="1">io.mosip.testrig.adminui.testcase.CenterTest</td><td><a href="#m0">setUp</a></td><td rowspan="1">1700824196929</td><td rowspan="1">8024</td></tr><tr><th colspan="4">Command line test &#8212; skipped (configuration methods)</th></tr><tr class="skippedeven"><td rowspan="1">io.mosip.testrig.adminui.testcase.CenterTest</td><td><a href="#m1">tearDown</a></td><td rowspan="1">1700824204956</td><td rowspan="1">-1700824204956</td></tr><tr><th colspan="4">Command line test &#8212; skipped</th></tr><tr class="skippedeven"><td rowspan="1">io.mosip.testrig.adminui.testcase.CenterTest</td><td><a href="#m2">centerCRUD</a></td><td rowspan="1">1700824204955</td><td rowspan="1">0</td></tr></tbody>
</table>
<h2>Command line test</h2><h3 id="m0">io.mosip.testrig.adminui.testcase.CenterTest#setUp</h3><table class="result"><tr><th>Messages</th></tr><tr><td><div class="messages">BaseClass</div></td></tr><tr><th>Exception</th></tr><tr><td><div class="stacktrace">org.openqa.selenium.SessionNotCreatedException: session not created: This version of ChromeDriver only supports Chrome version 116
Current browser version is 119.0.6045.160 with binary path C:\Program Files\Google\Chrome\Application\chrome.exe
Build info: version: &apos;3.141.59&apos;, revision: &apos;e82be7d358&apos;, time: &apos;2018-11-14T08:17:03&apos;
System info: host: &apos;TECHNO-531&apos;, ip: &apos;192.168.254.109&apos;, os.name: &apos;Windows 10&apos;, os.arch: &apos;amd64&apos;, os.version: &apos;10.0&apos;, java.version: &apos;17.0.5&apos;
Driver info: driver.version: ChromeDriver
remote stacktrace: 	GetHandleVerifier [0x00007FF7E8DF52A2+57122]
	(No symbol) [0x00007FF7E8D6EA92]
	(No symbol) [0x00007FF7E8C3E3AB]
	(No symbol) [0x00007FF7E8C69FF5]
	(No symbol) [0x00007FF7E8C65237]
	(No symbol) [0x00007FF7E8C62FE1]
	(No symbol) [0x00007FF7E8C9EA4F]
	(No symbol) [0x00007FF7E8C9E5B0]
	(No symbol) [0x00007FF7E8C96DB3]
	(No symbol) [0x00007FF7E8C6D2B1]
	(No symbol) [0x00007FF7E8C6E494]
	GetHandleVerifier [0x00007FF7E909EF82+2849794]
	GetHandleVerifier [0x00007FF7E90F1D24+3189156]
	GetHandleVerifier [0x00007FF7E90EACAF+3160367]
	GetHandleVerifier [0x00007FF7E8E86D06+653702]
	(No symbol) [0x00007FF7E8D7A208]
	(No symbol) [0x00007FF7E8D762C4]
	(No symbol) [0x00007FF7E8D763F6]
	(No symbol) [0x00007FF7E8D667A3]
	BaseThreadInitThunk [0x00007FFCE8D67344+20]
	RtlUserThreadStart [0x00007FFCEAD426B1+33]

	at org.openqa.selenium.remote.W3CHandshakeResponse.lambda$errorHandler$0(W3CHandshakeResponse.java:62)
	at org.openqa.selenium.remote.HandshakeResponse.lambda$getResponseFunction$0(HandshakeResponse.java:30)
	at org.openqa.selenium.remote.ProtocolHandshake.lambda$createSession$0(ProtocolHandshake.java:126)
	at java.base/java.util.stream.ReferencePipeline$3$1.accept(ReferencePipeline.java:197)
	at java.base/java.util.Spliterators$ArraySpliterator.tryAdvance(Spliterators.java:1002)
	at java.base/java.util.stream.ReferencePipeline.forEachWithCancel(ReferencePipeline.java:129)
	at java.base/java.util.stream.AbstractPipeline.copyIntoWithCancel(AbstractPipeline.java:527)
	at java.base/java.util.stream.AbstractPipeline.copyInto(AbstractPipeline.java:513)
	at java.base/java.util.stream.AbstractPipeline.wrapAndCopyInto(AbstractPipeline.java:499)
	at java.base/java.util.stream.FindOps$FindOp.evaluateSequential(FindOps.java:150)
	at java.base/java.util.stream.AbstractPipeline.evaluate(AbstractPipeline.java:234)
	at java.base/java.util.stream.ReferencePipeline.findFirst(ReferencePipeline.java:647)
	at org.openqa.selenium.remote.ProtocolHandshake.createSession(ProtocolHandshake.java:128)
	at org.openqa.selenium.remote.ProtocolHandshake.createSession(ProtocolHandshake.java:74)
	at org.openqa.selenium.remote.HttpCommandExecutor.execute(HttpCommandExecutor.java:136)
	at org.openqa.selenium.remote.service.DriverCommandExecutor.execute(DriverCommandExecutor.java:83)
	at org.openqa.selenium.remote.RemoteWebDriver.execute(RemoteWebDriver.java:552)
	at org.openqa.selenium.remote.RemoteWebDriver.startSession(RemoteWebDriver.java:213)
	at org.openqa.selenium.remote.RemoteWebDriver.&lt;init&gt;(RemoteWebDriver.java:131)
	at org.openqa.selenium.chrome.ChromeDriver.&lt;init&gt;(ChromeDriver.java:181)
	at org.openqa.selenium.chrome.ChromeDriver.&lt;init&gt;(ChromeDriver.java:168)
	at org.openqa.selenium.chrome.ChromeDriver.&lt;init&gt;(ChromeDriver.java:157)
	at io.mosip.testrig.adminui.utility.BaseClass.setUp(BaseClass.java:102)
	at java.base/java.util.ArrayList.forEach(ArrayList.java:1511)
	at io.mosip.testrig.adminui.utility.TestRunner.startTestRunner(TestRunner.java:99)
	at io.mosip.testrig.adminui.utility.TestRunner.main(TestRunner.java:66)
... Removed 33 stack frames</div></td></tr></table><p class="totop"><a href="#summary">back to summary</a></p>
<h3 id="m1">io.mosip.testrig.adminui.testcase.CenterTest#tearDown</h3><table class="result"><tr><th class="invisible"/></tr></table><p class="totop"><a href="#summary">back to summary</a></p>
<h3 id="m2">io.mosip.testrig.adminui.testcase.CenterTest#centerCRUD</h3><table class="result"><tr><th>Exception</th></tr><tr><td><div class="stacktrace">org.openqa.selenium.SessionNotCreatedException: session not created: This version of ChromeDriver only supports Chrome version 116
Current browser version is 119.0.6045.160 with binary path C:\Program Files\Google\Chrome\Application\chrome.exe
Build info: version: &apos;3.141.59&apos;, revision: &apos;e82be7d358&apos;, time: &apos;2018-11-14T08:17:03&apos;
System info: host: &apos;TECHNO-531&apos;, ip: &apos;192.168.254.109&apos;, os.name: &apos;Windows 10&apos;, os.arch: &apos;amd64&apos;, os.version: &apos;10.0&apos;, java.version: &apos;17.0.5&apos;
Driver info: driver.version: ChromeDriver
remote stacktrace: 	GetHandleVerifier [0x00007FF7E8DF52A2+57122]
	(No symbol) [0x00007FF7E8D6EA92]
	(No symbol) [0x00007FF7E8C3E3AB]
	(No symbol) [0x00007FF7E8C69FF5]
	(No symbol) [0x00007FF7E8C65237]
	(No symbol) [0x00007FF7E8C62FE1]
	(No symbol) [0x00007FF7E8C9EA4F]
	(No symbol) [0x00007FF7E8C9E5B0]
	(No symbol) [0x00007FF7E8C96DB3]
	(No symbol) [0x00007FF7E8C6D2B1]
	(No symbol) [0x00007FF7E8C6E494]
	GetHandleVerifier [0x00007FF7E909EF82+2849794]
	GetHandleVerifier [0x00007FF7E90F1D24+3189156]
	GetHandleVerifier [0x00007FF7E90EACAF+3160367]
	GetHandleVerifier [0x00007FF7E8E86D06+653702]
	(No symbol) [0x00007FF7E8D7A208]
	(No symbol) [0x00007FF7E8D762C4]
	(No symbol) [0x00007FF7E8D763F6]
	(No symbol) [0x00007FF7E8D667A3]
	BaseThreadInitThunk [0x00007FFCE8D67344+20]
	RtlUserThreadStart [0x00007FFCEAD426B1+33]

	at org.openqa.selenium.remote.W3CHandshakeResponse.lambda$errorHandler$0(W3CHandshakeResponse.java:62)
	at org.openqa.selenium.remote.HandshakeResponse.lambda$getResponseFunction$0(HandshakeResponse.java:30)
	at org.openqa.selenium.remote.ProtocolHandshake.lambda$createSession$0(ProtocolHandshake.java:126)
	at java.base/java.util.stream.ReferencePipeline$3$1.accept(ReferencePipeline.java:197)
	at java.base/java.util.Spliterators$ArraySpliterator.tryAdvance(Spliterators.java:1002)
	at java.base/java.util.stream.ReferencePipeline.forEachWithCancel(ReferencePipeline.java:129)
	at java.base/java.util.stream.AbstractPipeline.copyIntoWithCancel(AbstractPipeline.java:527)
	at java.base/java.util.stream.AbstractPipeline.copyInto(AbstractPipeline.java:513)
	at java.base/java.util.stream.AbstractPipeline.wrapAndCopyInto(AbstractPipeline.java:499)
	at java.base/java.util.stream.FindOps$FindOp.evaluateSequential(FindOps.java:150)
	at java.base/java.util.stream.AbstractPipeline.evaluate(AbstractPipeline.java:234)
	at java.base/java.util.stream.ReferencePipeline.findFirst(ReferencePipeline.java:647)
	at org.openqa.selenium.remote.ProtocolHandshake.createSession(ProtocolHandshake.java:128)
	at org.openqa.selenium.remote.ProtocolHandshake.createSession(ProtocolHandshake.java:74)
	at org.openqa.selenium.remote.HttpCommandExecutor.execute(HttpCommandExecutor.java:136)
	at org.openqa.selenium.remote.service.DriverCommandExecutor.execute(DriverCommandExecutor.java:83)
	at org.openqa.selenium.remote.RemoteWebDriver.execute(RemoteWebDriver.java:552)
	at org.openqa.selenium.remote.RemoteWebDriver.startSession(RemoteWebDriver.java:213)
	at org.openqa.selenium.remote.RemoteWebDriver.&lt;init&gt;(RemoteWebDriver.java:131)
	at org.openqa.selenium.chrome.ChromeDriver.&lt;init&gt;(ChromeDriver.java:181)
	at org.openqa.selenium.chrome.ChromeDriver.&lt;init&gt;(ChromeDriver.java:168)
	at org.openqa.selenium.chrome.ChromeDriver.&lt;init&gt;(ChromeDriver.java:157)
	at io.mosip.testrig.adminui.utility.BaseClass.setUp(BaseClass.java:102)
	at java.base/java.util.ArrayList.forEach(ArrayList.java:1511)
	at io.mosip.testrig.adminui.utility.TestRunner.startTestRunner(TestRunner.java:99)
	at io.mosip.testrig.adminui.utility.TestRunner.main(TestRunner.java:66)
... Removed 33 stack frames</div></td></tr></table><p class="totop"><a href="#summary">back to summary</a></p>
</body>
</html>
