<?xml version="1.0" encoding="UTF-8"?>
<testng-results ignored="42" total="44" passed="0" failed="2" skipped="0">
  <reporter-output>
    <line>
      <![CDATA[BaseClass]]>
    </line>
    <line>
      <![CDATA[BaseClass]]>
    </line>
  </reporter-output>
  <suite started-at="2023-12-15T19:28:17 IST" name="Command line suite" finished-at="2023-12-15T19:30:01 IST" duration-ms="104541">
    <groups>
      <group name="BU">
        <method signature="BulkUploadTest.bulkUploadCRUD(java.lang.String)[pri:0, instance:io.mosip.testrig.adminui.testcase.BulkUploadTest@286dfa20]" name="bulkUploadCRUD" class="io.mosip.testrig.adminui.testcase.BulkUploadTest"/>
      </group> <!-- BU -->
    </groups>
    <test started-at="2023-12-15T19:28:17 IST" name="Command line test" finished-at="2023-12-15T19:30:01 IST" duration-ms="104541">
      <class name="io.mosip.testrig.adminui.testcase.CenterTest">
        <test-method is-config="true" signature="set()[pri:0, instance:io.mosip.testrig.adminui.testcase.CenterTest@29b5e7db]" started-at="2023-12-15T19:28:16 IST" name="set" finished-at="2023-12-15T19:28:17 IST" duration-ms="195" status="PASS">
          <reporter-output>
          </reporter-output>
        </test-method> <!-- set -->
        <test-method is-config="true" signature="pushFileToS3()[pri:0, instance:io.mosip.testrig.adminui.testcase.CenterTest@29b5e7db]" started-at="2023-12-15T19:30:01 IST" name="pushFileToS3" finished-at="2023-12-15T19:30:01 IST" duration-ms="2" status="PASS">
          <reporter-output>
          </reporter-output>
        </test-method> <!-- pushFileToS3 -->
      </class> <!-- io.mosip.testrig.adminui.testcase.CenterTest -->
      <class name="io.mosip.testrig.adminui.testcase.BulkUploadTest">
        <test-method is-config="true" signature="set()[pri:0, instance:io.mosip.testrig.adminui.testcase.BulkUploadTest@286dfa20]" started-at="2023-12-15T19:28:17 IST" name="set" finished-at="2023-12-15T19:28:17 IST" duration-ms="1" status="PASS">
          <reporter-output>
          </reporter-output>
        </test-method> <!-- set -->
        <test-method is-config="true" signature="setUp()[pri:0, instance:io.mosip.testrig.adminui.testcase.BulkUploadTest@286dfa20]" started-at="2023-12-15T19:28:17 IST" name="setUp" finished-at="2023-12-15T19:28:22 IST" duration-ms="5523" status="PASS">
          <reporter-output>
            <line>
              <![CDATA[BaseClass]]>
            </line>
          </reporter-output>
        </test-method> <!-- setUp -->
        <test-method signature="bulkUploadCRUD(java.lang.String)[pri:0, instance:io.mosip.testrig.adminui.testcase.BulkUploadTest@286dfa20]" started-at="2023-12-15T19:28:22 IST" name="bulkUploadCRUD" data-provider="data-provider" finished-at="2023-12-15T19:29:08 IST" duration-ms="46328" status="FAIL">
          <params>
            <param index="0">
              <value>
                <![CDATA[device_type]]>
              </value>
            </param>
          </params>
          <exception class="java.lang.AssertionError">
            <message>
              <![CDATA[Status Should be COMPLETED expected [true] but found [false]]]>
            </message>
            <full-stacktrace>
              <![CDATA[java.lang.AssertionError: Status Should be COMPLETED expected [true] but found [false]
at org.testng.Assert.fail(Assert.java:97)
at org.testng.Assert.failNotEquals(Assert.java:969)
at org.testng.Assert.assertTrue(Assert.java:43)
at io.mosip.testrig.adminui.testcase.BulkUploadTest.bulkUploadCRUD(BulkUploadTest.java:113)
at java.base/jdk.internal.reflect.NativeMethodAccessorImpl.invoke0(Native Method)
at java.base/jdk.internal.reflect.NativeMethodAccessorImpl.invoke(NativeMethodAccessorImpl.java:77)
at java.base/jdk.internal.reflect.DelegatingMethodAccessorImpl.invoke(DelegatingMethodAccessorImpl.java:43)
at java.base/java.lang.reflect.Method.invoke(Method.java:568)
at org.testng.internal.MethodInvocationHelper.invokeMethod(MethodInvocationHelper.java:134)
at org.testng.internal.TestInvoker.invokeMethod(TestInvoker.java:597)
at org.testng.internal.TestInvoker.invokeTestMethod(TestInvoker.java:173)
at org.testng.internal.MethodRunner.runInSequence(MethodRunner.java:46)
at org.testng.internal.TestInvoker$MethodInvocationAgent.invoke(TestInvoker.java:816)
at org.testng.internal.TestInvoker.invokeTestMethods(TestInvoker.java:146)
at org.testng.internal.TestMethodWorker.invokeTestMethods(TestMethodWorker.java:146)
at org.testng.internal.TestMethodWorker.run(TestMethodWorker.java:128)
at java.base/java.util.ArrayList.forEach(ArrayList.java:1511)
at org.testng.TestRunner.privateRun(TestRunner.java:766)
at org.testng.TestRunner.run(TestRunner.java:587)
at org.testng.SuiteRunner.runTest(SuiteRunner.java:384)
at org.testng.SuiteRunner.runSequentially(SuiteRunner.java:378)
at org.testng.SuiteRunner.privateRun(SuiteRunner.java:337)
at org.testng.SuiteRunner.run(SuiteRunner.java:286)
at org.testng.SuiteRunnerWorker.runSuite(SuiteRunnerWorker.java:53)
at org.testng.SuiteRunnerWorker.run(SuiteRunnerWorker.java:96)
at org.testng.TestNG.runSuitesSequentially(TestNG.java:1187)
at org.testng.TestNG.runSuitesLocally(TestNG.java:1109)
at org.testng.TestNG.runSuites(TestNG.java:1039)
at org.testng.TestNG.run(TestNG.java:1007)
at io.mosip.testrig.adminui.utility.TestRunner.startTestRunner(TestRunner.java:100)
at io.mosip.testrig.adminui.utility.TestRunner.main(TestRunner.java:67)
]]>
            </full-stacktrace>
          </exception> <!-- java.lang.AssertionError -->
          <reporter-output>
          </reporter-output>
        </test-method> <!-- bulkUploadCRUD -->
        <test-method is-config="true" signature="tearDown()[pri:0, instance:io.mosip.testrig.adminui.testcase.BulkUploadTest@286dfa20]" started-at="2023-12-15T19:29:08 IST" name="tearDown" finished-at="2023-12-15T19:29:09 IST" duration-ms="533" status="PASS">
          <reporter-output>
          </reporter-output>
        </test-method> <!-- tearDown -->
        <test-method is-config="true" signature="set()[pri:0, instance:io.mosip.testrig.adminui.testcase.BulkUploadTest@286dfa20]" started-at="2023-12-15T19:29:09 IST" name="set" finished-at="2023-12-15T19:29:09 IST" duration-ms="0" status="PASS">
          <reporter-output>
          </reporter-output>
        </test-method> <!-- set -->
        <test-method is-config="true" signature="setUp()[pri:0, instance:io.mosip.testrig.adminui.testcase.BulkUploadTest@286dfa20]" started-at="2023-12-15T19:29:09 IST" name="setUp" finished-at="2023-12-15T19:29:14 IST" duration-ms="5354" status="PASS">
          <reporter-output>
            <line>
              <![CDATA[BaseClass]]>
            </line>
          </reporter-output>
        </test-method> <!-- setUp -->
        <test-method signature="bulkUploadCRUD(java.lang.String)[pri:0, instance:io.mosip.testrig.adminui.testcase.BulkUploadTest@286dfa20]" started-at="2023-12-15T19:29:14 IST" name="bulkUploadCRUD" data-provider="data-provider" finished-at="2023-12-15T19:30:01 IST" duration-ms="46406" status="FAIL">
          <params>
            <param index="0">
              <value>
                <![CDATA[machine_master]]>
              </value>
            </param>
          </params>
          <exception class="java.lang.AssertionError">
            <message>
              <![CDATA[Status Should be COMPLETED expected [true] but found [false]]]>
            </message>
            <full-stacktrace>
              <![CDATA[java.lang.AssertionError: Status Should be COMPLETED expected [true] but found [false]
at org.testng.Assert.fail(Assert.java:97)
at org.testng.Assert.failNotEquals(Assert.java:969)
at org.testng.Assert.assertTrue(Assert.java:43)
at io.mosip.testrig.adminui.testcase.BulkUploadTest.bulkUploadCRUD(BulkUploadTest.java:113)
at java.base/jdk.internal.reflect.NativeMethodAccessorImpl.invoke0(Native Method)
at java.base/jdk.internal.reflect.NativeMethodAccessorImpl.invoke(NativeMethodAccessorImpl.java:77)
at java.base/jdk.internal.reflect.DelegatingMethodAccessorImpl.invoke(DelegatingMethodAccessorImpl.java:43)
at java.base/java.lang.reflect.Method.invoke(Method.java:568)
at org.testng.internal.MethodInvocationHelper.invokeMethod(MethodInvocationHelper.java:134)
at org.testng.internal.TestInvoker.invokeMethod(TestInvoker.java:597)
at org.testng.internal.TestInvoker.invokeTestMethod(TestInvoker.java:173)
at org.testng.internal.MethodRunner.runInSequence(MethodRunner.java:46)
at org.testng.internal.TestInvoker$MethodInvocationAgent.invoke(TestInvoker.java:816)
at org.testng.internal.TestInvoker.invokeTestMethods(TestInvoker.java:146)
at org.testng.internal.TestMethodWorker.invokeTestMethods(TestMethodWorker.java:146)
at org.testng.internal.TestMethodWorker.run(TestMethodWorker.java:128)
at java.base/java.util.ArrayList.forEach(ArrayList.java:1511)
at org.testng.TestRunner.privateRun(TestRunner.java:766)
at org.testng.TestRunner.run(TestRunner.java:587)
at org.testng.SuiteRunner.runTest(SuiteRunner.java:384)
at org.testng.SuiteRunner.runSequentially(SuiteRunner.java:378)
at org.testng.SuiteRunner.privateRun(SuiteRunner.java:337)
at org.testng.SuiteRunner.run(SuiteRunner.java:286)
at org.testng.SuiteRunnerWorker.runSuite(SuiteRunnerWorker.java:53)
at org.testng.SuiteRunnerWorker.run(SuiteRunnerWorker.java:96)
at org.testng.TestNG.runSuitesSequentially(TestNG.java:1187)
at org.testng.TestNG.runSuitesLocally(TestNG.java:1109)
at org.testng.TestNG.runSuites(TestNG.java:1039)
at org.testng.TestNG.run(TestNG.java:1007)
at io.mosip.testrig.adminui.utility.TestRunner.startTestRunner(TestRunner.java:100)
at io.mosip.testrig.adminui.utility.TestRunner.main(TestRunner.java:67)
]]>
            </full-stacktrace>
          </exception> <!-- java.lang.AssertionError -->
          <reporter-output>
          </reporter-output>
        </test-method> <!-- bulkUploadCRUD -->
        <test-method is-config="true" signature="tearDown()[pri:0, instance:io.mosip.testrig.adminui.testcase.BulkUploadTest@286dfa20]" started-at="2023-12-15T19:30:01 IST" name="tearDown" finished-at="2023-12-15T19:30:01 IST" duration-ms="355" status="PASS">
          <reporter-output>
          </reporter-output>
        </test-method> <!-- tearDown -->
      </class> <!-- io.mosip.testrig.adminui.testcase.BulkUploadTest -->
    </test> <!-- Command line test -->
  </suite> <!-- Command line suite -->
</testng-results>
