<?xml version="1.0" encoding="UTF-8"?>
<!-- Generated by org.testng.reporters.JUnitXMLReporter -->
<testsuite ignored="29" hostname="TECHNO-531" failures="4" tests="14" name="Command line test" time="988.883" errors="0" timestamp="2023-09-12T18:02:02 IST">
  <testcase classname="io.mosip.testrig.adminui.testcase.CenterTest" name="centerCRUD" time="132.524">
    <failure type="org.openqa.selenium.NoSuchElementException" message="no such element: Unable to locate element: {&amp;quot;method&amp;quot;:&amp;quot;css selector&amp;quot;,&amp;quot;selector&amp;quot;:&amp;quot;#confirmpopup&amp;quot;}
  (Session info: chrome=116.0.5845.180)
For documentation on this error, please visit: https://www.seleniumhq.org/exceptions/no_such_element.html
Build info: version: &amp;apos;3.141.59&amp;apos;, revision: &amp;apos;e82be7d358&amp;apos;, time: &amp;apos;2018-11-14T08:17:03&amp;apos;
System info: host: &amp;apos;TECHNO-531&amp;apos;, ip: &amp;apos;192.168.254.134&amp;apos;, os.name: &amp;apos;Windows 10&amp;apos;, os.arch: &amp;apos;amd64&amp;apos;, os.version: &amp;apos;10.0&amp;apos;, java.version: &amp;apos;17.0.5&amp;apos;
Driver info: org.openqa.selenium.chrome.ChromeDriver
Capabilities {acceptInsecureCerts: false, browserName: chrome, browserVersion: 116.0.5845.180, chrome: {chromedriverVersion: 116.0.5845.96 (1a3918166880..., userDataDir: C:\Users\KIRUTH~1.M\AppData...}, fedcm:accounts: true, goog:chromeOptions: {debuggerAddress: localhost:56070}, javascriptEnabled: true, networkConnectionEnabled: false, pageLoadStrategy: normal, platform: WINDOWS, platformName: WINDOWS, proxy: Proxy(), setWindowRect: true, strictFileInteractability: false, timeouts: {implicit: 0, pageLoad: 300000, script: 30000}, unhandledPromptBehavior: dismiss and notify, webauthn:extension:credBlob: true, webauthn:extension:largeBlob: true, webauthn:extension:minPinLength: true, webauthn:extension:prf: true, webauthn:virtualAuthenticators: true}
Session ID: 4ae91bfb94c6899ed7edde084a6a5526
*** Element info: {Using=id, value=confirmpopup}">
      <![CDATA[org.openqa.selenium.NoSuchElementException: no such element: Unable to locate element: {"method":"css selector","selector":"#confirmpopup"}
  (Session info: chrome=116.0.5845.180)
For documentation on this error, please visit: https://www.seleniumhq.org/exceptions/no_such_element.html
Build info: version: '3.141.59', revision: 'e82be7d358', time: '2018-11-14T08:17:03'
System info: host: 'TECHNO-531', ip: '192.168.254.134', os.name: 'Windows 10', os.arch: 'amd64', os.version: '10.0', java.version: '17.0.5'
Driver info: org.openqa.selenium.chrome.ChromeDriver
Capabilities {acceptInsecureCerts: false, browserName: chrome, browserVersion: 116.0.5845.180, chrome: {chromedriverVersion: 116.0.5845.96 (1a3918166880..., userDataDir: C:\Users\KIRUTH~1.M\AppData...}, fedcm:accounts: true, goog:chromeOptions: {debuggerAddress: localhost:56070}, javascriptEnabled: true, networkConnectionEnabled: false, pageLoadStrategy: normal, platform: WINDOWS, platformName: WINDOWS, proxy: Proxy(), setWindowRect: true, strictFileInteractability: false, timeouts: {implicit: 0, pageLoad: 300000, script: 30000}, unhandledPromptBehavior: dismiss and notify, webauthn:extension:credBlob: true, webauthn:extension:largeBlob: true, webauthn:extension:minPinLength: true, webauthn:extension:prf: true, webauthn:virtualAuthenticators: true}
Session ID: 4ae91bfb94c6899ed7edde084a6a5526
*** Element info: {Using=id, value=confirmpopup}
at org.openqa.selenium.remote.http.W3CHttpResponseCodec.createException(W3CHttpResponseCodec.java:187)
at org.openqa.selenium.remote.http.W3CHttpResponseCodec.decode(W3CHttpResponseCodec.java:122)
at org.openqa.selenium.remote.http.W3CHttpResponseCodec.decode(W3CHttpResponseCodec.java:49)
at org.openqa.selenium.remote.HttpCommandExecutor.execute(HttpCommandExecutor.java:158)
at org.openqa.selenium.remote.service.DriverCommandExecutor.execute(DriverCommandExecutor.java:83)
at org.openqa.selenium.remote.RemoteWebDriver.execute(RemoteWebDriver.java:552)
at org.openqa.selenium.remote.RemoteWebDriver.findElement(RemoteWebDriver.java:323)
at org.openqa.selenium.remote.RemoteWebDriver.findElementById(RemoteWebDriver.java:372)
at org.openqa.selenium.By$ById.findElement(By.java:188)
at org.openqa.selenium.remote.RemoteWebDriver.findElement(RemoteWebDriver.java:315)
at io.mosip.testrig.adminui.utility.Commons.click(Commons.java:88)
at io.mosip.testrig.adminui.utility.Commons.createRes(Commons.java:404)
at io.mosip.testrig.adminui.testcase.CenterTest.centerCRUD(CenterTest.java:96)
at java.base/java.util.ArrayList.forEach(ArrayList.java:1511)
at io.mosip.testrig.adminui.utility.TestRunner.main(TestRunner.java:61)
... Removed 29 stack frames]]>
    </failure>
  </testcase> <!-- centerCRUD -->
  <testcase classname="io.mosip.testrig.adminui.testcase.HolidaysTest" name="holidaysCRUD" time="53.246"/>
  <testcase classname="io.mosip.testrig.adminui.testcase.TemplateTest" name="templateCRUD" time="60.946"/>
  <testcase classname="io.mosip.testrig.adminui.testcase.DeviceTest" name="deviceCRUD" time="81.4"/>
  <testcase classname="io.mosip.testrig.adminui.testcase.MachineTest" name="machineCRUD" time="78.963"/>
  <testcase classname="io.mosip.testrig.adminui.testcase.BlockListTest" name="blocklistedwordsCRUD" time="49.174"/>
  <testcase classname="io.mosip.testrig.adminui.testcase.CenterTypeTest" name="centerTypeCRUD" time="68.495">
    <failure type="org.openqa.selenium.NoSuchElementException" message="no such element: Unable to locate element: {&amp;quot;method&amp;quot;:&amp;quot;css selector&amp;quot;,&amp;quot;selector&amp;quot;:&amp;quot;#Activate0&amp;quot;}
  (Session info: chrome=116.0.5845.180)
For documentation on this error, please visit: https://www.seleniumhq.org/exceptions/no_such_element.html
Build info: version: &amp;apos;3.141.59&amp;apos;, revision: &amp;apos;e82be7d358&amp;apos;, time: &amp;apos;2018-11-14T08:17:03&amp;apos;
System info: host: &amp;apos;TECHNO-531&amp;apos;, ip: &amp;apos;192.168.254.134&amp;apos;, os.name: &amp;apos;Windows 10&amp;apos;, os.arch: &amp;apos;amd64&amp;apos;, os.version: &amp;apos;10.0&amp;apos;, java.version: &amp;apos;17.0.5&amp;apos;
Driver info: org.openqa.selenium.chrome.ChromeDriver
Capabilities {acceptInsecureCerts: false, browserName: chrome, browserVersion: 116.0.5845.180, chrome: {chromedriverVersion: 116.0.5845.96 (1a3918166880..., userDataDir: C:\Users\KIRUTH~1.M\AppData...}, fedcm:accounts: true, goog:chromeOptions: {debuggerAddress: localhost:56397}, javascriptEnabled: true, networkConnectionEnabled: false, pageLoadStrategy: normal, platform: WINDOWS, platformName: WINDOWS, proxy: Proxy(), setWindowRect: true, strictFileInteractability: false, timeouts: {implicit: 0, pageLoad: 300000, script: 30000}, unhandledPromptBehavior: dismiss and notify, webauthn:extension:credBlob: true, webauthn:extension:largeBlob: true, webauthn:extension:minPinLength: true, webauthn:extension:prf: true, webauthn:virtualAuthenticators: true}
Session ID: 64e25264985e1bccc40d3454f4d33a04
*** Element info: {Using=id, value=Activate0}">
      <![CDATA[org.openqa.selenium.NoSuchElementException: no such element: Unable to locate element: {"method":"css selector","selector":"#Activate0"}
  (Session info: chrome=116.0.5845.180)
For documentation on this error, please visit: https://www.seleniumhq.org/exceptions/no_such_element.html
Build info: version: '3.141.59', revision: 'e82be7d358', time: '2018-11-14T08:17:03'
System info: host: 'TECHNO-531', ip: '192.168.254.134', os.name: 'Windows 10', os.arch: 'amd64', os.version: '10.0', java.version: '17.0.5'
Driver info: org.openqa.selenium.chrome.ChromeDriver
Capabilities {acceptInsecureCerts: false, browserName: chrome, browserVersion: 116.0.5845.180, chrome: {chromedriverVersion: 116.0.5845.96 (1a3918166880..., userDataDir: C:\Users\KIRUTH~1.M\AppData...}, fedcm:accounts: true, goog:chromeOptions: {debuggerAddress: localhost:56397}, javascriptEnabled: true, networkConnectionEnabled: false, pageLoadStrategy: normal, platform: WINDOWS, platformName: WINDOWS, proxy: Proxy(), setWindowRect: true, strictFileInteractability: false, timeouts: {implicit: 0, pageLoad: 300000, script: 30000}, unhandledPromptBehavior: dismiss and notify, webauthn:extension:credBlob: true, webauthn:extension:largeBlob: true, webauthn:extension:minPinLength: true, webauthn:extension:prf: true, webauthn:virtualAuthenticators: true}
Session ID: 64e25264985e1bccc40d3454f4d33a04
*** Element info: {Using=id, value=Activate0}
at org.openqa.selenium.remote.http.W3CHttpResponseCodec.createException(W3CHttpResponseCodec.java:187)
at org.openqa.selenium.remote.http.W3CHttpResponseCodec.decode(W3CHttpResponseCodec.java:122)
at org.openqa.selenium.remote.http.W3CHttpResponseCodec.decode(W3CHttpResponseCodec.java:49)
at org.openqa.selenium.remote.HttpCommandExecutor.execute(HttpCommandExecutor.java:158)
at org.openqa.selenium.remote.service.DriverCommandExecutor.execute(DriverCommandExecutor.java:83)
at org.openqa.selenium.remote.RemoteWebDriver.execute(RemoteWebDriver.java:552)
at org.openqa.selenium.remote.RemoteWebDriver.findElement(RemoteWebDriver.java:323)
at org.openqa.selenium.remote.RemoteWebDriver.findElementById(RemoteWebDriver.java:372)
at org.openqa.selenium.By$ById.findElement(By.java:188)
at org.openqa.selenium.remote.RemoteWebDriver.findElement(RemoteWebDriver.java:315)
at io.mosip.testrig.adminui.utility.Commons.click(Commons.java:88)
at io.mosip.testrig.adminui.utility.Commons.activate(Commons.java:289)
at io.mosip.testrig.adminui.testcase.CenterTypeTest.centerTypeCRUD(CenterTypeTest.java:55)
at java.base/java.util.ArrayList.forEach(ArrayList.java:1511)
at io.mosip.testrig.adminui.utility.TestRunner.main(TestRunner.java:61)
... Removed 29 stack frames]]>
    </failure>
  </testcase> <!-- centerTypeCRUD -->
  <testcase classname="io.mosip.testrig.adminui.testcase.DeviceSpecificationTest" name="deviceSpecCRUD" time="53.389"/>
  <testcase classname="io.mosip.testrig.adminui.testcase.DeviceTypesTest" name="deviceTypesCRUD" time="49.271"/>
  <testcase classname="io.mosip.testrig.adminui.testcase.MachineSpecificationTest" name="machineSpecCRUD" time="53.322"/>
  <testcase classname="io.mosip.testrig.adminui.testcase.MachineTypesTest" name="machineTypesCRUD" time="49.261"/>
  <testcase classname="io.mosip.testrig.adminui.testcase.DynamicFieldTest" name="dynamicFieldCRUD" time="48.355"/>
  <testcase classname="io.mosip.testrig.adminui.testcase.DocumentCategoriesTest" name="documentCategoriesCRUD" time="68.538">
    <failure type="org.openqa.selenium.NoSuchElementException" message="no such element: Unable to locate element: {&amp;quot;method&amp;quot;:&amp;quot;css selector&amp;quot;,&amp;quot;selector&amp;quot;:&amp;quot;#Activate0&amp;quot;}
  (Session info: chrome=116.0.5845.180)
For documentation on this error, please visit: https://www.seleniumhq.org/exceptions/no_such_element.html
Build info: version: &amp;apos;3.141.59&amp;apos;, revision: &amp;apos;e82be7d358&amp;apos;, time: &amp;apos;2018-11-14T08:17:03&amp;apos;
System info: host: &amp;apos;TECHNO-531&amp;apos;, ip: &amp;apos;192.168.254.134&amp;apos;, os.name: &amp;apos;Windows 10&amp;apos;, os.arch: &amp;apos;amd64&amp;apos;, os.version: &amp;apos;10.0&amp;apos;, java.version: &amp;apos;17.0.5&amp;apos;
Driver info: org.openqa.selenium.chrome.ChromeDriver
Capabilities {acceptInsecureCerts: false, browserName: chrome, browserVersion: 116.0.5845.180, chrome: {chromedriverVersion: 116.0.5845.96 (1a3918166880..., userDataDir: C:\Users\KIRUTH~1.M\AppData...}, fedcm:accounts: true, goog:chromeOptions: {debuggerAddress: localhost:56672}, javascriptEnabled: true, networkConnectionEnabled: false, pageLoadStrategy: normal, platform: WINDOWS, platformName: WINDOWS, proxy: Proxy(), setWindowRect: true, strictFileInteractability: false, timeouts: {implicit: 0, pageLoad: 300000, script: 30000}, unhandledPromptBehavior: dismiss and notify, webauthn:extension:credBlob: true, webauthn:extension:largeBlob: true, webauthn:extension:minPinLength: true, webauthn:extension:prf: true, webauthn:virtualAuthenticators: true}
Session ID: 0e383ae7ef42b2d4f34099dbb765264c
*** Element info: {Using=id, value=Activate0}">
      <![CDATA[org.openqa.selenium.NoSuchElementException: no such element: Unable to locate element: {"method":"css selector","selector":"#Activate0"}
  (Session info: chrome=116.0.5845.180)
For documentation on this error, please visit: https://www.seleniumhq.org/exceptions/no_such_element.html
Build info: version: '3.141.59', revision: 'e82be7d358', time: '2018-11-14T08:17:03'
System info: host: 'TECHNO-531', ip: '192.168.254.134', os.name: 'Windows 10', os.arch: 'amd64', os.version: '10.0', java.version: '17.0.5'
Driver info: org.openqa.selenium.chrome.ChromeDriver
Capabilities {acceptInsecureCerts: false, browserName: chrome, browserVersion: 116.0.5845.180, chrome: {chromedriverVersion: 116.0.5845.96 (1a3918166880..., userDataDir: C:\Users\KIRUTH~1.M\AppData...}, fedcm:accounts: true, goog:chromeOptions: {debuggerAddress: localhost:56672}, javascriptEnabled: true, networkConnectionEnabled: false, pageLoadStrategy: normal, platform: WINDOWS, platformName: WINDOWS, proxy: Proxy(), setWindowRect: true, strictFileInteractability: false, timeouts: {implicit: 0, pageLoad: 300000, script: 30000}, unhandledPromptBehavior: dismiss and notify, webauthn:extension:credBlob: true, webauthn:extension:largeBlob: true, webauthn:extension:minPinLength: true, webauthn:extension:prf: true, webauthn:virtualAuthenticators: true}
Session ID: 0e383ae7ef42b2d4f34099dbb765264c
*** Element info: {Using=id, value=Activate0}
at org.openqa.selenium.remote.http.W3CHttpResponseCodec.createException(W3CHttpResponseCodec.java:187)
at org.openqa.selenium.remote.http.W3CHttpResponseCodec.decode(W3CHttpResponseCodec.java:122)
at org.openqa.selenium.remote.http.W3CHttpResponseCodec.decode(W3CHttpResponseCodec.java:49)
at org.openqa.selenium.remote.HttpCommandExecutor.execute(HttpCommandExecutor.java:158)
at org.openqa.selenium.remote.service.DriverCommandExecutor.execute(DriverCommandExecutor.java:83)
at org.openqa.selenium.remote.RemoteWebDriver.execute(RemoteWebDriver.java:552)
at org.openqa.selenium.remote.RemoteWebDriver.findElement(RemoteWebDriver.java:323)
at org.openqa.selenium.remote.RemoteWebDriver.findElementById(RemoteWebDriver.java:372)
at org.openqa.selenium.By$ById.findElement(By.java:188)
at org.openqa.selenium.remote.RemoteWebDriver.findElement(RemoteWebDriver.java:315)
at io.mosip.testrig.adminui.utility.Commons.click(Commons.java:88)
at io.mosip.testrig.adminui.utility.Commons.activate(Commons.java:289)
at io.mosip.testrig.adminui.testcase.DocumentCategoriesTest.documentCategoriesCRUD(DocumentCategoriesTest.java:56)
at java.base/java.util.ArrayList.forEach(ArrayList.java:1511)
at io.mosip.testrig.adminui.utility.TestRunner.main(TestRunner.java:61)
... Removed 29 stack frames]]>
    </failure>
  </testcase> <!-- documentCategoriesCRUD -->
  <testcase classname="io.mosip.testrig.adminui.testcase.DocumentTypes" name="documentTypesCRUD" time="68.818">
    <failure type="org.openqa.selenium.NoSuchElementException" message="no such element: Unable to locate element: {&amp;quot;method&amp;quot;:&amp;quot;css selector&amp;quot;,&amp;quot;selector&amp;quot;:&amp;quot;#Activate0&amp;quot;}
  (Session info: chrome=116.0.5845.180)
For documentation on this error, please visit: https://www.seleniumhq.org/exceptions/no_such_element.html
Build info: version: &amp;apos;3.141.59&amp;apos;, revision: &amp;apos;e82be7d358&amp;apos;, time: &amp;apos;2018-11-14T08:17:03&amp;apos;
System info: host: &amp;apos;TECHNO-531&amp;apos;, ip: &amp;apos;192.168.254.134&amp;apos;, os.name: &amp;apos;Windows 10&amp;apos;, os.arch: &amp;apos;amd64&amp;apos;, os.version: &amp;apos;10.0&amp;apos;, java.version: &amp;apos;17.0.5&amp;apos;
Driver info: org.openqa.selenium.chrome.ChromeDriver
Capabilities {acceptInsecureCerts: false, browserName: chrome, browserVersion: 116.0.5845.180, chrome: {chromedriverVersion: 116.0.5845.96 (1a3918166880..., userDataDir: C:\Users\KIRUTH~1.M\AppData...}, fedcm:accounts: true, goog:chromeOptions: {debuggerAddress: localhost:56721}, javascriptEnabled: true, networkConnectionEnabled: false, pageLoadStrategy: normal, platform: WINDOWS, platformName: WINDOWS, proxy: Proxy(), setWindowRect: true, strictFileInteractability: false, timeouts: {implicit: 0, pageLoad: 300000, script: 30000}, unhandledPromptBehavior: dismiss and notify, webauthn:extension:credBlob: true, webauthn:extension:largeBlob: true, webauthn:extension:minPinLength: true, webauthn:extension:prf: true, webauthn:virtualAuthenticators: true}
Session ID: 4eee9917382d13787096eed1e8e6d125
*** Element info: {Using=id, value=Activate0}">
      <![CDATA[org.openqa.selenium.NoSuchElementException: no such element: Unable to locate element: {"method":"css selector","selector":"#Activate0"}
  (Session info: chrome=116.0.5845.180)
For documentation on this error, please visit: https://www.seleniumhq.org/exceptions/no_such_element.html
Build info: version: '3.141.59', revision: 'e82be7d358', time: '2018-11-14T08:17:03'
System info: host: 'TECHNO-531', ip: '192.168.254.134', os.name: 'Windows 10', os.arch: 'amd64', os.version: '10.0', java.version: '17.0.5'
Driver info: org.openqa.selenium.chrome.ChromeDriver
Capabilities {acceptInsecureCerts: false, browserName: chrome, browserVersion: 116.0.5845.180, chrome: {chromedriverVersion: 116.0.5845.96 (1a3918166880..., userDataDir: C:\Users\KIRUTH~1.M\AppData...}, fedcm:accounts: true, goog:chromeOptions: {debuggerAddress: localhost:56721}, javascriptEnabled: true, networkConnectionEnabled: false, pageLoadStrategy: normal, platform: WINDOWS, platformName: WINDOWS, proxy: Proxy(), setWindowRect: true, strictFileInteractability: false, timeouts: {implicit: 0, pageLoad: 300000, script: 30000}, unhandledPromptBehavior: dismiss and notify, webauthn:extension:credBlob: true, webauthn:extension:largeBlob: true, webauthn:extension:minPinLength: true, webauthn:extension:prf: true, webauthn:virtualAuthenticators: true}
Session ID: 4eee9917382d13787096eed1e8e6d125
*** Element info: {Using=id, value=Activate0}
at org.openqa.selenium.remote.http.W3CHttpResponseCodec.createException(W3CHttpResponseCodec.java:187)
at org.openqa.selenium.remote.http.W3CHttpResponseCodec.decode(W3CHttpResponseCodec.java:122)
at org.openqa.selenium.remote.http.W3CHttpResponseCodec.decode(W3CHttpResponseCodec.java:49)
at org.openqa.selenium.remote.HttpCommandExecutor.execute(HttpCommandExecutor.java:158)
at org.openqa.selenium.remote.service.DriverCommandExecutor.execute(DriverCommandExecutor.java:83)
at org.openqa.selenium.remote.RemoteWebDriver.execute(RemoteWebDriver.java:552)
at org.openqa.selenium.remote.RemoteWebDriver.findElement(RemoteWebDriver.java:323)
at org.openqa.selenium.remote.RemoteWebDriver.findElementById(RemoteWebDriver.java:372)
at org.openqa.selenium.By$ById.findElement(By.java:188)
at org.openqa.selenium.remote.RemoteWebDriver.findElement(RemoteWebDriver.java:315)
at io.mosip.testrig.adminui.utility.Commons.click(Commons.java:88)
at io.mosip.testrig.adminui.utility.Commons.activate(Commons.java:289)
at io.mosip.testrig.adminui.testcase.DocumentTypes.documentTypesCRUD(DocumentTypes.java:56)
at java.base/java.util.ArrayList.forEach(ArrayList.java:1511)
at io.mosip.testrig.adminui.utility.TestRunner.main(TestRunner.java:61)
... Removed 29 stack frames]]>
    </failure>
  </testcase> <!-- documentTypesCRUD -->
  <testcase classname="io.mosip.testrig.adminui.utility.BaseClass" name="@AfterSuite pushFileToS3" time="0.0">
    <ignored/>
  </testcase> <!-- @AfterSuite pushFileToS3 -->
  <testcase classname="io.mosip.testrig.adminui.utility.BaseClass" name="@AfterSuite pushFileToS3" time="0.0">
    <ignored/>
  </testcase> <!-- @AfterSuite pushFileToS3 -->
  <testcase classname="io.mosip.testrig.adminui.utility.BaseClass" name="@AfterSuite pushFileToS3" time="0.0">
    <ignored/>
  </testcase> <!-- @AfterSuite pushFileToS3 -->
  <testcase classname="io.mosip.testrig.adminui.utility.BaseClass" name="@AfterSuite pushFileToS3" time="0.0">
    <ignored/>
  </testcase> <!-- @AfterSuite pushFileToS3 -->
  <testcase classname="io.mosip.testrig.adminui.utility.BaseClass" name="@AfterSuite pushFileToS3" time="0.0">
    <ignored/>
  </testcase> <!-- @AfterSuite pushFileToS3 -->
  <testcase classname="io.mosip.testrig.adminui.utility.BaseClass" name="@AfterSuite pushFileToS3" time="0.0">
    <ignored/>
  </testcase> <!-- @AfterSuite pushFileToS3 -->
  <testcase classname="io.mosip.testrig.adminui.utility.BaseClass" name="@AfterSuite pushFileToS3" time="0.0">
    <ignored/>
  </testcase> <!-- @AfterSuite pushFileToS3 -->
  <testcase classname="io.mosip.testrig.adminui.utility.BaseClass" name="@AfterSuite pushFileToS3" time="0.0">
    <ignored/>
  </testcase> <!-- @AfterSuite pushFileToS3 -->
  <testcase classname="io.mosip.testrig.adminui.utility.BaseClass" name="@AfterSuite pushFileToS3" time="0.0">
    <ignored/>
  </testcase> <!-- @AfterSuite pushFileToS3 -->
  <testcase classname="io.mosip.testrig.adminui.utility.BaseClass" name="@AfterSuite pushFileToS3" time="0.0">
    <ignored/>
  </testcase> <!-- @AfterSuite pushFileToS3 -->
  <testcase classname="io.mosip.testrig.adminui.utility.BaseClass" name="@AfterSuite pushFileToS3" time="0.0">
    <ignored/>
  </testcase> <!-- @AfterSuite pushFileToS3 -->
  <testcase classname="io.mosip.testrig.adminui.utility.BaseClass" name="@AfterSuite pushFileToS3" time="0.0">
    <ignored/>
  </testcase> <!-- @AfterSuite pushFileToS3 -->
  <testcase classname="io.mosip.testrig.adminui.utility.BaseClass" name="@AfterSuite pushFileToS3" time="0.0">
    <ignored/>
  </testcase> <!-- @AfterSuite pushFileToS3 -->
  <testcase classname="io.mosip.testrig.adminui.utility.BaseClass" name="@AfterSuite pushFileToS3" time="0.0">
    <ignored/>
  </testcase> <!-- @AfterSuite pushFileToS3 -->
  <testcase classname="io.mosip.testrig.adminui.testcase.BulkUploadTest" name="bulkUploadCRUD" time="0.0">
    <ignored/>
  </testcase> <!-- bulkUploadCRUD -->
  <testcase classname="io.mosip.testrig.adminui.utility.BaseClass" name="@BeforeSuite set" time="0.0">
    <ignored/>
  </testcase> <!-- @BeforeSuite set -->
  <testcase classname="io.mosip.testrig.adminui.utility.BaseClass" name="@BeforeSuite set" time="0.0">
    <ignored/>
  </testcase> <!-- @BeforeSuite set -->
  <testcase classname="io.mosip.testrig.adminui.utility.BaseClass" name="@BeforeSuite set" time="0.0">
    <ignored/>
  </testcase> <!-- @BeforeSuite set -->
  <testcase classname="io.mosip.testrig.adminui.utility.BaseClass" name="@BeforeSuite set" time="0.0">
    <ignored/>
  </testcase> <!-- @BeforeSuite set -->
  <testcase classname="io.mosip.testrig.adminui.utility.BaseClass" name="@BeforeSuite set" time="0.0">
    <ignored/>
  </testcase> <!-- @BeforeSuite set -->
  <testcase classname="io.mosip.testrig.adminui.utility.BaseClass" name="@BeforeSuite set" time="0.0">
    <ignored/>
  </testcase> <!-- @BeforeSuite set -->
  <testcase classname="io.mosip.testrig.adminui.utility.BaseClass" name="@BeforeSuite set" time="0.0">
    <ignored/>
  </testcase> <!-- @BeforeSuite set -->
  <testcase classname="io.mosip.testrig.adminui.utility.BaseClass" name="@BeforeSuite set" time="0.0">
    <ignored/>
  </testcase> <!-- @BeforeSuite set -->
  <testcase classname="io.mosip.testrig.adminui.utility.BaseClass" name="@BeforeSuite set" time="0.0">
    <ignored/>
  </testcase> <!-- @BeforeSuite set -->
  <testcase classname="io.mosip.testrig.adminui.utility.BaseClass" name="@BeforeSuite set" time="0.0">
    <ignored/>
  </testcase> <!-- @BeforeSuite set -->
  <testcase classname="io.mosip.testrig.adminui.utility.BaseClass" name="@BeforeSuite set" time="0.0">
    <ignored/>
  </testcase> <!-- @BeforeSuite set -->
  <testcase classname="io.mosip.testrig.adminui.utility.BaseClass" name="@BeforeSuite set" time="0.0">
    <ignored/>
  </testcase> <!-- @BeforeSuite set -->
  <testcase classname="io.mosip.testrig.adminui.utility.BaseClass" name="@BeforeSuite set" time="0.0">
    <ignored/>
  </testcase> <!-- @BeforeSuite set -->
  <testcase classname="io.mosip.testrig.adminui.utility.BaseClass" name="@BeforeSuite set" time="0.0">
    <ignored/>
  </testcase> <!-- @BeforeSuite set -->
</testsuite> <!-- Command line test -->
